\BOOKMARK [1][-]{section.0.1}{\376\377\000R\000O\000S}{}% 1
\BOOKMARK [1][-]{section.0.2}{\376\377\000W\000h\000y\000\040\000R\000O\000S\000?}{}% 2
\BOOKMARK [2][-]{subsection.0.2.1}{\376\377\000H\000i\000g\000h\000-\000e\000n\000d\000\040\000c\000a\000p\000a\000b\000i\000l\000i\000t\000i\000e\000s\000:}{section.0.2}% 3
\BOOKMARK [2][-]{subsection.0.2.2}{\376\377\000T\000o\000n\000s\000\040\000o\000f\000\040\000t\000o\000o\000l\000s\000:}{section.0.2}% 4
\BOOKMARK [2][-]{subsection.0.2.3}{\376\377\000S\000u\000p\000p\000o\000r\000t\000\040\000f\000o\000r\000\040\000h\000i\000g\000h\000-\000e\000n\000d\000\040\000s\000e\000n\000s\000o\000r\000s\000\040\000a\000n\000d\000\040\000a\000c\000t\000u\000a\000t\000o\000r\000s\000:}{section.0.2}% 5
\BOOKMARK [2][-]{subsection.0.2.4}{\376\377\000I\000n\000t\000e\000r\000-\000p\000l\000a\000t\000f\000o\000r\000m\000\040\000o\000p\000e\000r\000a\000b\000i\000l\000i\000t\000y\000:}{section.0.2}% 6
\BOOKMARK [2][-]{subsection.0.2.5}{\376\377\000M\000o\000d\000u\000l\000a\000r\000i\000t\000y\000:}{section.0.2}% 7
\BOOKMARK [2][-]{subsection.0.2.6}{\376\377\000C\000o\000n\000c\000u\000r\000r\000e\000n\000t\000\040\000r\000e\000s\000o\000u\000r\000c\000e\000\040\000h\000a\000n\000d\000l\000i\000n\000g\000:}{section.0.2}% 8
\BOOKMARK [1][-]{section.0.3}{\376\377\000t\000h\000e\000\040\000R\000O\000S\000\040\000f\000i\000l\000e\000s\000y\000s\000t\000e\000m\000\040\000l\000e\000v\000e\000l}{}% 9
\BOOKMARK [1][-]{section.0.4}{\376\377\000R\000O\000S\000\040\000p\000a\000c\000k\000a\000g\000e\000s}{}% 10
\BOOKMARK [1][-]{section.0.5}{\376\377\000R\000O\000S\000\040\000m\000e\000t\000a\000p\000a\000c\000k\000a\000g\000e\000s}{}% 11
\BOOKMARK [1][-]{section.0.6}{\376\377\000R\000O\000S\000\040\000m\000e\000s\000s\000a\000g\000e\000s}{}% 12
\BOOKMARK [1][-]{section.0.7}{\376\377\000T\000h\000e\000\040\000R\000O\000S\000\040\000s\000e\000r\000v\000i\000c\000e\000s}{}% 13
\BOOKMARK [1][-]{section.0.8}{\376\377\000t\000h\000e\000\040\000R\000O\000S\000\040\000c\000o\000m\000p\000u\000t\000a\000t\000i\000o\000n\000\040\000g\000r\000a\000p\000h\000\040\000l\000e\000v\000e\000l}{}% 14
\BOOKMARK [2][-]{subsection.0.8.1}{\376\377\000N\000o\000d\000e\000s}{section.0.8}% 15
\BOOKMARK [2][-]{subsection.0.8.2}{\376\377\000M\000a\000s\000t\000e\000r}{section.0.8}% 16
\BOOKMARK [2][-]{subsection.0.8.3}{\376\377\000P\000a\000r\000a\000m\000e\000t\000e\000r\000\040\000s\000e\000r\000v\000e\000r}{section.0.8}% 17
\BOOKMARK [2][-]{subsection.0.8.4}{\376\377\000T\000o\000p\000i\000c\000s}{section.0.8}% 18
\BOOKMARK [2][-]{subsection.0.8.5}{\376\377\000L\000o\000g\000g\000i\000n\000g}{section.0.8}% 19
\BOOKMARK [1][-]{section.0.9}{\376\377\000R\000O\000S\000\040\000n\000o\000d\000e\000s}{}% 20
\BOOKMARK [1][-]{section.0.10}{\376\377\000R\000O\000S\000\040\000m\000e\000s\000s\000a\000g\000e\000s}{}% 21
\BOOKMARK [1][-]{section.0.11}{\376\377\000R\000O\000S\000\040\000t\000o\000p\000i\000c\000s}{}% 22
\BOOKMARK [1][-]{section.0.12}{\376\377\000R\000O\000S\000\040\000s\000e\000r\000v\000i\000c\000e\000s}{}% 23
\BOOKMARK [1][-]{section.0.13}{\376\377\000R\000O\000S\000\040\000b\000a\000g\000f\000i\000l\000e\000s}{}% 24
\BOOKMARK [1][-]{section.0.14}{\376\377\000T\000h\000e\000\040\000R\000O\000S\000\040\000m\000a\000s\000t\000e\000r}{}% 25
\BOOKMARK [1][-]{section.0.15}{\376\377\000R\000O\000S\000\040\000p\000a\000r\000a\000m\000e\000t\000e\000r}{}% 26
\BOOKMARK [1][-]{section.0.16}{\376\377\000R\000O\000S\000\040\000d\000i\000s\000t\000r\000i\000b\000u\000t\000i\000o\000n\000s}{}% 27
\BOOKMARK [1][-]{section.0.17}{\376\377\000R\000u\000n\000n\000i\000n\000g\000\040\000t\000h\000e\000\040\000R\000O\000S\000\040\000m\000a\000s\000t\000e\000r\000\040\000a\000n\000d\000\040\000t\000h\000e\000\040\000R\000O\000S\000\040\000p\000a\000r\000a\000m\000e\000t\000e\000r\000\040\000s\000e\000r\000v\000e\000r}{}% 28
\BOOKMARK [2][-]{subsection.0.17.1}{\376\377\000C\000h\000e\000c\000k\000i\000n\000g\000\040\000t\000h\000e\000\040\000r\000o\000s\000c\000o\000r\000e\000\040\000c\000o\000m\000m\000a\000n\000d\000'\000s\000\040\000o\000u\000t\000p\000u\000t}{section.0.17}% 29
