This is pdfTeX, Version 3.141592653-2.6-1.40.26 (TeX Live 2024) (preloaded format=pdflatex 2024.6.16)  7 FEB 2025 19:45
entering extended mode
 restricted \write18 enabled.
 file:line:error style messages enabled.
 %&-line parsing enabled.
**c:/Users/me/Documents/CapstoneReport/main
(c:/Users/me/Documents/CapstoneReport/main.tex
LaTeX2e <2024-06-01> patch level 1
L3 programming layer <2024-05-27>
(c:/texlive/2024/texmf-dist/tex/latex/extsizes/extreport.cls
Document Class: extreport 1996/10/08 v1.0 Non Standard LaTeX document class
(c:/texlive/2024/texmf-dist/tex/latex/base/size12.clo
File: size12.clo 2024/02/08 v1.4n Standard LaTeX file (size option)
) (c:/texlive/2024/texmf-dist/tex/latex/base/exscale.sty
Package: exscale 2018/09/24 v2.1i Standard LaTeX package exscale
LaTeX Font Info:    Redeclaring symbol font `largesymbols' on input line 57.
LaTeX Font Info:    Overwriting symbol font `largesymbols' in version `normal'
(Font)                  OMX/cmex/m/n --> OMX/cmex/m/n on input line 57.
LaTeX Font Info:    Overwriting symbol font `largesymbols' in version `bold'
(Font)                  OMX/cmex/m/n --> OMX/cmex/m/n on input line 57.
\big@size=\dimen141
)
\c@part=\count194
\c@chapter=\count195
\c@section=\count196
\c@subsection=\count197
\c@subsubsection=\count198
\c@paragraph=\count199
\c@subparagraph=\count266
\c@figure=\count267
\c@table=\count268
\abovecaptionskip=\skip49
\belowcaptionskip=\skip50
\bibindent=\dimen142
) (./capston.sty (c:/texlive/2024/texmf-dist/tex/latex/base/inputenc.sty
Package: inputenc 2024/02/08 v1.3d Input encoding file
\inpenc@prehook=\toks17
\inpenc@posthook=\toks18
) (c:/texlive/2024/texmf-dist/tex/latex/ipsum/ipsum.sty
Package: ipsum 2023/11/15 0.1.2 Multilanguage simply dummy texts
 (c:/texlive/2024/texmf-dist/tex/generic/xstring/xstring.sty (c:/texlive/2024/texmf-dist/tex/generic/xstring/xstring.tex
\xs_counta=\count269
\xs_countb=\count270
)
Package: xstring 2023/08/22 v1.86 String manipulations (CT)
) (c:/texlive/2024/texmf-dist/tex/generic/xint/xintexpr.sty (c:/texlive/2024/texmf-dist/tex/generic/xint/xintfrac.sty (c:/texlive/2024/texmf-dist/tex/generic/xint/xint.sty (c:/texlive/2024/texmf-dist/tex/generic/xint/xintcore.sty (c:/texlive/2024/texmf-dist/tex/generic/xint/xintkernel.sty
Package: xintkernel 2022/06/10 v1.4m Paraphernalia for the xint packages (JFB)
\xint_c_ii^xiv=\count271
\xint_c_ii^xxi=\count272
)
Package: xintcore 2022/06/10 v1.4m Expandable arithmetic on big integers (JFB)
\xint_c_x^viii=\count273
\xint_c_x^ix=\count274
\xint_c_x^viii_mone=\count275
\xint_c_xii_e_viii=\count276
\xint_c_xi_e_viii_mone=\count277
)
Package: xint 2022/06/10 v1.4m Expandable operations on big integers (JFB)
\xint_c_nine_x^viii=\count278
)
Package: xintfrac 2022/06/10 v1.4m Expandable operations on fractions (JFB)
) (c:/texlive/2024/texmf-dist/tex/generic/xint/xinttools.sty
Package: xinttools 2022/06/10 v1.4m Expandable and non-expandable utilities (JFB)
\XINT_toks=\toks19
)
Package: xintexpr 2022/06/10 v1.4m Expandable expression parser (JFB)
 (c:/texlive/2024/texmf-dist/tex/generic/xint/xinttrig.sty
Package: xinttrig 2022/06/10 v1.4m Trigonometrical functions for xintexpr (JFB)
) (c:/texlive/2024/texmf-dist/tex/generic/xint/xintlog.sty
Package: xintlog 2022/06/10 v1.4m Logarithms and exponentials for xintexpr (JFB)
 (c:/texlive/2024/texmf-dist/tex/generic/poormanlog/poormanlog.sty
Package: poormanlog 2022/05/25 v0.07 base 10 log and pow with 9 digits (JFB)
 (c:/texlive/2024/texmf-dist/tex/generic/poormanlog/poormanlog.tex)))) (c:/texlive/2024/texmf-dist/tex/generic/simplekv/simplekv.sty (c:/texlive/2024/texmf-dist/tex/generic/simplekv/simplekv.tex)
Package: simplekv 2023/10/02 v0.2c Simple keyval package (CT)
)) (c:/texlive/2024/texmf-dist/tex/latex/graphics/graphicx.sty
Package: graphicx 2021/09/16 v1.2d Enhanced LaTeX Graphics (DPC,SPQR)
 (c:/texlive/2024/texmf-dist/tex/latex/graphics/keyval.sty
Package: keyval 2022/05/29 v1.15 key=value parser (DPC)
\KV@toks@=\toks20
) (c:/texlive/2024/texmf-dist/tex/latex/graphics/graphics.sty
Package: graphics 2024/05/23 v1.4g Standard LaTeX Graphics (DPC,SPQR)
 (c:/texlive/2024/texmf-dist/tex/latex/graphics/trig.sty
Package: trig 2023/12/02 v1.11 sin cos tan (DPC)
) (c:/texlive/2024/texmf-dist/tex/latex/graphics-cfg/graphics.cfg
File: graphics.cfg 2016/06/04 v1.11 sample graphics configuration
)
Package graphics Info: Driver file: pdftex.def on input line 106.
 (c:/texlive/2024/texmf-dist/tex/latex/graphics-def/pdftex.def
File: pdftex.def 2024/04/13 v1.2c Graphics/color driver for pdftex
))
\Gin@req@height=\dimen143
\Gin@req@width=\dimen144
) (c:/texlive/2024/texmf-dist/tex/latex/geometry/geometry.sty
Package: geometry 2020/01/02 v5.9 Page Geometry
 (c:/texlive/2024/texmf-dist/tex/generic/iftex/ifvtex.sty
Package: ifvtex 2019/10/25 v1.7 ifvtex legacy package. Use iftex instead.
 (c:/texlive/2024/texmf-dist/tex/generic/iftex/iftex.sty
Package: iftex 2022/02/03 v1.0f TeX engine tests
))
\Gm@cnth=\count279
\Gm@cntv=\count280
\c@Gm@tempcnt=\count281
\Gm@bindingoffset=\dimen145
\Gm@wd@mp=\dimen146
\Gm@odd@mp=\dimen147
\Gm@even@mp=\dimen148
\Gm@layoutwidth=\dimen149
\Gm@layoutheight=\dimen150
\Gm@layouthoffset=\dimen151
\Gm@layoutvoffset=\dimen152
\Gm@dimlist=\toks21
) (c:/texlive/2024/texmf-dist/tex/latex/amsmath/amsmath.sty
Package: amsmath 2024/05/23 v2.17q AMS math features
\@mathmargin=\skip51

For additional information on amsmath, use the `?' option.
(c:/texlive/2024/texmf-dist/tex/latex/amsmath/amstext.sty
Package: amstext 2021/08/26 v2.01 AMS text
 (c:/texlive/2024/texmf-dist/tex/latex/amsmath/amsgen.sty
File: amsgen.sty 1999/11/30 v2.0 generic functions
\@emptytoks=\toks22
\ex@=\dimen153
)) (c:/texlive/2024/texmf-dist/tex/latex/amsmath/amsbsy.sty
Package: amsbsy 1999/11/29 v1.2d Bold Symbols
\pmbraise@=\dimen154
) (c:/texlive/2024/texmf-dist/tex/latex/amsmath/amsopn.sty
Package: amsopn 2022/04/08 v2.04 operator names
)
\inf@bad=\count282
LaTeX Info: Redefining \frac on input line 233.
\uproot@=\count283
\leftroot@=\count284
LaTeX Info: Redefining \overline on input line 398.
LaTeX Info: Redefining \colon on input line 409.
\classnum@=\count285
\DOTSCASE@=\count286
LaTeX Info: Redefining \ldots on input line 495.
LaTeX Info: Redefining \dots on input line 498.
LaTeX Info: Redefining \cdots on input line 619.
\Mathstrutbox@=\box52
\strutbox@=\box53
LaTeX Info: Redefining \big on input line 721.
LaTeX Info: Redefining \Big on input line 722.
LaTeX Info: Redefining \bigg on input line 723.
LaTeX Info: Redefining \Bigg on input line 724.
\big@size=\dimen155
LaTeX Font Info:    Redeclaring font encoding OML on input line 742.
LaTeX Font Info:    Redeclaring font encoding OMS on input line 743.
\macc@depth=\count287
LaTeX Info: Redefining \bmod on input line 904.
LaTeX Info: Redefining \pmod on input line 909.
LaTeX Info: Redefining \smash on input line 939.
LaTeX Info: Redefining \relbar on input line 969.
LaTeX Info: Redefining \Relbar on input line 970.
\c@MaxMatrixCols=\count288
\dotsspace@=\muskip17
\c@parentequation=\count289
\dspbrk@lvl=\count290
\tag@help=\toks23
\row@=\count291
\column@=\count292
\maxfields@=\count293
\andhelp@=\toks24
\eqnshift@=\dimen156
\alignsep@=\dimen157
\tagshift@=\dimen158
\tagwidth@=\dimen159
\totwidth@=\dimen160
\lineht@=\dimen161
\@envbody=\toks25
\multlinegap=\skip52
\multlinetaggap=\skip53
\mathdisplay@stack=\toks26
LaTeX Info: Redefining \[ on input line 2953.
LaTeX Info: Redefining \] on input line 2954.
) (c:/texlive/2024/texmf-dist/tex/latex/psnfss/mathptmx.sty
Package: mathptmx 2020/03/25 PSNFSS-v9.3 Times w/ Math, improved (SPQR, WaS) 
LaTeX Font Info:    Redeclaring symbol font `operators' on input line 28.
LaTeX Font Info:    Overwriting symbol font `operators' in version `normal'
(Font)                  OT1/cmr/m/n --> OT1/ztmcm/m/n on input line 28.
LaTeX Font Info:    Overwriting symbol font `operators' in version `bold'
(Font)                  OT1/cmr/bx/n --> OT1/ztmcm/m/n on input line 28.
LaTeX Font Info:    Redeclaring symbol font `letters' on input line 29.
LaTeX Font Info:    Overwriting symbol font `letters' in version `normal'
(Font)                  OML/cmm/m/it --> OML/ztmcm/m/it on input line 29.
LaTeX Font Info:    Overwriting symbol font `letters' in version `bold'
(Font)                  OML/cmm/b/it --> OML/ztmcm/m/it on input line 29.
LaTeX Font Info:    Redeclaring symbol font `symbols' on input line 30.
LaTeX Font Info:    Overwriting symbol font `symbols' in version `normal'
(Font)                  OMS/cmsy/m/n --> OMS/ztmcm/m/n on input line 30.
LaTeX Font Info:    Overwriting symbol font `symbols' in version `bold'
(Font)                  OMS/cmsy/b/n --> OMS/ztmcm/m/n on input line 30.
LaTeX Font Info:    Redeclaring symbol font `largesymbols' on input line 31.
LaTeX Font Info:    Overwriting symbol font `largesymbols' in version `normal'
(Font)                  OMX/cmex/m/n --> OMX/ztmcm/m/n on input line 31.
LaTeX Font Info:    Overwriting symbol font `largesymbols' in version `bold'
(Font)                  OMX/cmex/m/n --> OMX/ztmcm/m/n on input line 31.
\symbold=\mathgroup4
\symitalic=\mathgroup5
LaTeX Font Info:    Redeclaring math alphabet \mathbf on input line 34.
LaTeX Font Info:    Overwriting math alphabet `\mathbf' in version `normal'
(Font)                  OT1/cmr/bx/n --> OT1/ptm/bx/n on input line 34.
LaTeX Font Info:    Overwriting math alphabet `\mathbf' in version `bold'
(Font)                  OT1/cmr/bx/n --> OT1/ptm/bx/n on input line 34.
LaTeX Font Info:    Redeclaring math alphabet \mathit on input line 35.
LaTeX Font Info:    Overwriting math alphabet `\mathit' in version `normal'
(Font)                  OT1/cmr/m/it --> OT1/ptm/m/it on input line 35.
LaTeX Font Info:    Overwriting math alphabet `\mathit' in version `bold'
(Font)                  OT1/cmr/bx/it --> OT1/ptm/m/it on input line 35.
LaTeX Info: Redefining \hbar on input line 50.
) (c:/texlive/2024/texmf-dist/tex/latex/float/float.sty
Package: float 2001/11/08 v1.3d Float enhancements (AL)
\c@float@type=\count294
\float@exts=\toks27
\float@box=\box54
\@float@everytoks=\toks28
\@floatcapt=\box55
) (c:/texlive/2024/texmf-dist/tex/latex/setspace/setspace.sty
Package: setspace 2022/12/04 v6.7b set line spacing
) (c:/texlive/2024/texmf-dist/tex/latex/ragged2e/ragged2e.sty
Package: ragged2e 2023/06/22 v3.6 ragged2e Package
\CenteringLeftskip=\skip54
\RaggedLeftLeftskip=\skip55
\RaggedRightLeftskip=\skip56
\CenteringRightskip=\skip57
\RaggedLeftRightskip=\skip58
\RaggedRightRightskip=\skip59
\CenteringParfillskip=\skip60
\RaggedLeftParfillskip=\skip61
\RaggedRightParfillskip=\skip62
\JustifyingParfillskip=\skip63
\CenteringParindent=\skip64
\RaggedLeftParindent=\skip65
\RaggedRightParindent=\skip66
\JustifyingParindent=\skip67
) (c:/texlive/2024/texmf-dist/tex/latex/tools/indentfirst.sty
Package: indentfirst 2023/07/02 v1.03 Indent first paragraph (DPC)
) (c:/texlive/2024/texmf-dist/tex/latex/anyfontsize/anyfontsize.sty
Package: anyfontsize 2007/11/22 anyfontsize.sty by pts
) (c:/texlive/2024/texmf-dist/tex/latex/tools/array.sty
Package: array 2024/06/14 v2.6d Tabular extension package (FMi)
\col@sep=\dimen162
\ar@mcellbox=\box56
\extrarowheight=\dimen163
\NC@list=\toks29
\extratabsurround=\skip68
\backup@length=\skip69
\ar@cellbox=\box57
) (c:/texlive/2024/texmf-dist/tex/latex/tools/longtable.sty
Package: longtable 2024-04-26 v4.20 Multi-page Table package (DPC)
\LTleft=\skip70
\LTright=\skip71
\LTpre=\skip72
\LTpost=\skip73
\LTchunksize=\count295
\LTcapwidth=\dimen164
\LT@head=\box58
\LT@firsthead=\box59
\LT@foot=\box60
\LT@lastfoot=\box61
\LT@gbox=\box62
\LT@cols=\count296
\LT@rows=\count297
\c@LT@tables=\count298
\c@LT@chunks=\count299
\LT@p@ftn=\toks30
) (c:/texlive/2024/texmf-dist/tex/latex/makecell/makecell.sty
Package: makecell 2009/08/03 V0.1e Managing of Tab Column Heads and Cells
\rotheadsize=\dimen165
\c@nlinenum=\count300
\TeXr@lab=\toks31
) (c:/texlive/2024/texmf-dist/tex/latex/fontawesome/fontawesome.sty
Package: fontawesome 2016/05/15 v4.6.3.1 font awesome icons
 (c:/texlive/2024/texmf-dist/tex/generic/iftex/ifxetex.sty
Package: ifxetex 2019/10/25 v0.7 ifxetex legacy package. Use iftex instead.
) (c:/texlive/2024/texmf-dist/tex/generic/iftex/ifluatex.sty
Package: ifluatex 2019/10/25 v1.5 ifluatex legacy package. Use iftex instead.
) (c:/texlive/2024/texmf-dist/tex/latex/fontawesome/fontawesomesymbols-generic.tex) (c:/texlive/2024/texmf-dist/tex/latex/fontawesome/fontawesomesymbols-pdftex.tex)) (c:/texlive/2024/texmf-dist/tex/latex/hyperref/hyperref.sty
Package: hyperref 2024-05-23 v7.01i Hypertext links for LaTeX
 (c:/texlive/2024/texmf-dist/tex/latex/kvsetkeys/kvsetkeys.sty
Package: kvsetkeys 2022-10-05 v1.19 Key value parser (HO)
) (c:/texlive/2024/texmf-dist/tex/generic/kvdefinekeys/kvdefinekeys.sty
Package: kvdefinekeys 2019-12-19 v1.6 Define keys (HO)
) (c:/texlive/2024/texmf-dist/tex/generic/pdfescape/pdfescape.sty
Package: pdfescape 2019/12/09 v1.15 Implements pdfTeX's escape features (HO)
 (c:/texlive/2024/texmf-dist/tex/generic/ltxcmds/ltxcmds.sty
Package: ltxcmds 2023-12-04 v1.26 LaTeX kernel commands for general use (HO)
) (c:/texlive/2024/texmf-dist/tex/generic/pdftexcmds/pdftexcmds.sty
Package: pdftexcmds 2020-06-27 v0.33 Utility functions of pdfTeX for LuaTeX (HO)
 (c:/texlive/2024/texmf-dist/tex/generic/infwarerr/infwarerr.sty
Package: infwarerr 2019/12/03 v1.5 Providing info/warning/error messages (HO)
)
Package pdftexcmds Info: \pdf@primitive is available.
Package pdftexcmds Info: \pdf@ifprimitive is available.
Package pdftexcmds Info: \pdfdraftmode found.
)) (c:/texlive/2024/texmf-dist/tex/latex/hycolor/hycolor.sty
Package: hycolor 2020-01-27 v1.10 Color options for hyperref/bookmark (HO)
) (c:/texlive/2024/texmf-dist/tex/latex/hyperref/nameref.sty
Package: nameref 2023-11-26 v2.56 Cross-referencing by name of section
 (c:/texlive/2024/texmf-dist/tex/latex/refcount/refcount.sty
Package: refcount 2019/12/15 v3.6 Data extraction from label references (HO)
) (c:/texlive/2024/texmf-dist/tex/generic/gettitlestring/gettitlestring.sty
Package: gettitlestring 2019/12/15 v1.6 Cleanup title references (HO)
 (c:/texlive/2024/texmf-dist/tex/latex/kvoptions/kvoptions.sty
Package: kvoptions 2022-06-15 v3.15 Key value format for package options (HO)
))
\c@section@level=\count301
) (c:/texlive/2024/texmf-dist/tex/latex/etoolbox/etoolbox.sty
Package: etoolbox 2020/10/05 v2.5k e-TeX tools for LaTeX (JAW)
\etb@tempcnta=\count302
) (c:/texlive/2024/texmf-dist/tex/generic/stringenc/stringenc.sty
Package: stringenc 2019/11/29 v1.12 Convert strings between diff. encodings (HO)
)
\@linkdim=\dimen166
\Hy@linkcounter=\count303
\Hy@pagecounter=\count304
 (c:/texlive/2024/texmf-dist/tex/latex/hyperref/pd1enc.def
File: pd1enc.def 2024-05-23 v7.01i Hyperref: PDFDocEncoding definition (HO)
Now handling font encoding PD1 ...
... no UTF-8 mapping file for font encoding PD1
) (c:/texlive/2024/texmf-dist/tex/generic/intcalc/intcalc.sty
Package: intcalc 2019/12/15 v1.3 Expandable calculations with integers (HO)
)
\Hy@SavedSpaceFactor=\count305
 (c:/texlive/2024/texmf-dist/tex/latex/hyperref/puenc.def
File: puenc.def 2024-05-23 v7.01i Hyperref: PDF Unicode definition (HO)
Now handling font encoding PU ...
... no UTF-8 mapping file for font encoding PU
)
Package hyperref Info: Hyper figures OFF on input line 4157.
Package hyperref Info: Link nesting OFF on input line 4162.
Package hyperref Info: Hyper index ON on input line 4165.
Package hyperref Info: Plain pages OFF on input line 4172.
Package hyperref Info: Backreferencing OFF on input line 4177.
Package hyperref Info: Implicit mode ON; LaTeX internals redefined.
Package hyperref Info: Bookmarks ON on input line 4424.
\c@Hy@tempcnt=\count306
 (c:/texlive/2024/texmf-dist/tex/latex/url/url.sty
\Urlmuskip=\muskip18
Package: url 2013/09/16  ver 3.4  Verb mode for urls, etc.
)
LaTeX Info: Redefining \url on input line 4763.
\XeTeXLinkMargin=\dimen167
 (c:/texlive/2024/texmf-dist/tex/generic/bitset/bitset.sty
Package: bitset 2019/12/09 v1.3 Handle bit-vector datatype (HO)
 (c:/texlive/2024/texmf-dist/tex/generic/bigintcalc/bigintcalc.sty
Package: bigintcalc 2019/12/15 v1.5 Expandable calculations on big integers (HO)
))
\Fld@menulength=\count307
\Field@Width=\dimen168
\Fld@charsize=\dimen169
Package hyperref Info: Hyper figures OFF on input line 6042.
Package hyperref Info: Link nesting OFF on input line 6047.
Package hyperref Info: Hyper index ON on input line 6050.
Package hyperref Info: backreferencing OFF on input line 6057.
Package hyperref Info: Link coloring OFF on input line 6062.
Package hyperref Info: Link coloring with OCG OFF on input line 6067.
Package hyperref Info: PDF/A mode OFF on input line 6072.
 (c:/texlive/2024/texmf-dist/tex/latex/base/atbegshi-ltx.sty
Package: atbegshi-ltx 2021/01/10 v1.0c Emulation of the original atbegshi
package with kernel methods
)
\Hy@abspage=\count308
\c@Item=\count309
\c@Hfootnote=\count310
)
Package hyperref Info: Driver (autodetected): hpdftex.
 (c:/texlive/2024/texmf-dist/tex/latex/hyperref/hpdftex.def
File: hpdftex.def 2024-05-23 v7.01i Hyperref driver for pdfTeX
 (c:/texlive/2024/texmf-dist/tex/latex/base/atveryend-ltx.sty
Package: atveryend-ltx 2020/08/19 v1.0a Emulation of the original atveryend package
with kernel methods
)
\Fld@listcount=\count311
\c@bookmark@seq@number=\count312
 (c:/texlive/2024/texmf-dist/tex/latex/rerunfilecheck/rerunfilecheck.sty
Package: rerunfilecheck 2022-07-10 v1.10 Rerun checks for auxiliary files (HO)
 (c:/texlive/2024/texmf-dist/tex/generic/uniquecounter/uniquecounter.sty
Package: uniquecounter 2019/12/15 v1.4 Provide unlimited unique counter (HO)
)
Package uniquecounter Info: New unique counter `rerunfilecheck' on input line 285.
)
\Hy@SectionHShift=\skip74
) (c:/texlive/2024/texmf-dist/tex/latex/titlesec/titlesec.sty
Package: titlesec 2023/10/27 v2.16 Sectioning titles
\ttl@box=\box63
\beforetitleunit=\skip75
\aftertitleunit=\skip76
\ttl@plus=\dimen170
\ttl@minus=\dimen171
\ttl@toksa=\toks32
\titlewidth=\dimen172
\titlewidthlast=\dimen173
\titlewidthfirst=\dimen174
) (c:/texlive/2024/texmf-dist/tex/generic/ulem/ulem.sty
\UL@box=\box64
\UL@hyphenbox=\box65
\UL@skip=\skip77
\UL@hook=\toks33
\UL@height=\dimen175
\UL@pe=\count313
\UL@pixel=\dimen176
\ULC@box=\box66
Package: ulem 2019/11/18
\ULdepth=\dimen177
) (c:/texlive/2024/texmf-dist/tex/latex/fncychap/fncychap.sty
Package: fncychap 2007/07/30 v1.34 LaTeX package (Revised chapters)
\RW=\skip78
\mylen=\skip79
\myhi=\skip80
\px=\skip81
\py=\skip82
\pyy=\skip83
\pxx=\skip84
) (c:/texlive/2024/texmf-dist/tex/latex/cleveref/cleveref.sty
Package: cleveref 2018/03/27 v0.21.4 Intelligent cross-referencing
Package cleveref Info: `hyperref' support loaded on input line 2370.
LaTeX Info: Redefining \cref on input line 2370.
LaTeX Info: Redefining \Cref on input line 2370.
LaTeX Info: Redefining \crefrange on input line 2370.
LaTeX Info: Redefining \Crefrange on input line 2370.
LaTeX Info: Redefining \cpageref on input line 2370.
LaTeX Info: Redefining \Cpageref on input line 2370.
LaTeX Info: Redefining \cpagerefrange on input line 2370.
LaTeX Info: Redefining \Cpagerefrange on input line 2370.
LaTeX Info: Redefining \labelcref on input line 2370.
LaTeX Info: Redefining \labelcpageref on input line 2370.
) (c:/texlive/2024/texmf-dist/tex/latex/listings/listings.sty
\lst@mode=\count314
\lst@gtempboxa=\box67
\lst@token=\toks34
\lst@length=\count315
\lst@currlwidth=\dimen178
\lst@column=\count316
\lst@pos=\count317
\lst@lostspace=\dimen179
\lst@width=\dimen180
\lst@newlines=\count318
\lst@lineno=\count319
\lst@maxwidth=\dimen181
 (c:/texlive/2024/texmf-dist/tex/latex/listings/lstpatch.sty
File: lstpatch.sty 2024/05/25 1.10b (Carsten Heinz)
) (c:/texlive/2024/texmf-dist/tex/latex/listings/lstmisc.sty
File: lstmisc.sty 2024/05/25 1.10b (Carsten Heinz)
\c@lstnumber=\count320
\lst@skipnumbers=\count321
\lst@framebox=\box68
) (c:/texlive/2024/texmf-dist/tex/latex/listings/listings.cfg
File: listings.cfg 2024/05/25 1.10b listings configuration
))
Package: listings 2024/05/25 1.10b (Carsten Heinz)
 (c:/texlive/2024/texmf-dist/tex/latex/xcolor/xcolor.sty
Package: xcolor 2023/11/15 v3.01 LaTeX color extensions (UK)
 (c:/texlive/2024/texmf-dist/tex/latex/graphics-cfg/color.cfg
File: color.cfg 2016/01/02 v1.6 sample color configuration
)

Package xcolor Warning: Package option `usenames' is obsolete and ignored on input line 266.

Package xcolor Info: Driver file: pdftex.def on input line 274.
(c:/texlive/2024/texmf-dist/tex/latex/graphics/mathcolor.ltx)
Package xcolor Info: Model `cmy' substituted by `cmy0' on input line 1350.
Package xcolor Info: Model `hsb' substituted by `rgb' on input line 1354.
Package xcolor Info: Model `RGB' extended on input line 1366.
Package xcolor Info: Model `HTML' substituted by `rgb' on input line 1368.
Package xcolor Info: Model `Hsb' substituted by `hsb' on input line 1369.
Package xcolor Info: Model `tHsb' substituted by `hsb' on input line 1370.
Package xcolor Info: Model `HSB' substituted by `hsb' on input line 1371.
Package xcolor Info: Model `Gray' substituted by `gray' on input line 1372.
Package xcolor Info: Model `wave' substituted by `hsb' on input line 1373.
) (c:/texlive/2024/texmf-dist/tex/latex/graphics/dvipsnam.def
File: dvipsnam.def 2016/06/17 v3.0m Driver-dependent file (DPC,SPQR)
) (c:/texlive/2024/texmf-dist/tex/latex/xcolor/svgnam.def
File: svgnam.def 2023/11/15 v3.01 Predefined colors according to SVG 1.1 (UK)
) (c:/texlive/2024/texmf-dist/tex/latex/colortbl/colortbl.sty
Package: colortbl 2024/05/26 v1.0h Color table columns (DPC)
\everycr=\toks35
\minrowclearance=\skip85
\rownum=\count322
) (c:/texlive/2024/texmf-dist/tex/latex/tcolorbox/tcolorbox.sty
Package: tcolorbox 2024/01/10 version 6.2.0 text color boxes
 (c:/texlive/2024/texmf-dist/tex/latex/pgf/basiclayer/pgf.sty (c:/texlive/2024/texmf-dist/tex/latex/pgf/utilities/pgfrcs.sty (c:/texlive/2024/texmf-dist/tex/generic/pgf/utilities/pgfutil-common.tex
\pgfutil@everybye=\toks36
\pgfutil@tempdima=\dimen182
\pgfutil@tempdimb=\dimen183
) (c:/texlive/2024/texmf-dist/tex/generic/pgf/utilities/pgfutil-latex.def
\pgfutil@abb=\box69
) (c:/texlive/2024/texmf-dist/tex/generic/pgf/utilities/pgfrcs.code.tex (c:/texlive/2024/texmf-dist/tex/generic/pgf/pgf.revision.tex)
Package: pgfrcs 2023-01-15 v3.1.10 (3.1.10)
))
Package: pgf 2023-01-15 v3.1.10 (3.1.10)
 (c:/texlive/2024/texmf-dist/tex/latex/pgf/basiclayer/pgfcore.sty (c:/texlive/2024/texmf-dist/tex/latex/pgf/systemlayer/pgfsys.sty (c:/texlive/2024/texmf-dist/tex/generic/pgf/systemlayer/pgfsys.code.tex
Package: pgfsys 2023-01-15 v3.1.10 (3.1.10)
 (c:/texlive/2024/texmf-dist/tex/generic/pgf/utilities/pgfkeys.code.tex
\pgfkeys@pathtoks=\toks37
\pgfkeys@temptoks=\toks38
 (c:/texlive/2024/texmf-dist/tex/generic/pgf/utilities/pgfkeyslibraryfiltered.code.tex
\pgfkeys@tmptoks=\toks39
))
\pgf@x=\dimen184
\pgf@y=\dimen185
\pgf@xa=\dimen186
\pgf@ya=\dimen187
\pgf@xb=\dimen188
\pgf@yb=\dimen189
\pgf@xc=\dimen190
\pgf@yc=\dimen191
\pgf@xd=\dimen192
\pgf@yd=\dimen193
\w@pgf@writea=\write3
\r@pgf@reada=\read2
\c@pgf@counta=\count323
\c@pgf@countb=\count324
\c@pgf@countc=\count325
\c@pgf@countd=\count326
\t@pgf@toka=\toks40
\t@pgf@tokb=\toks41
\t@pgf@tokc=\toks42
\pgf@sys@id@count=\count327
 (c:/texlive/2024/texmf-dist/tex/generic/pgf/systemlayer/pgf.cfg
File: pgf.cfg 2023-01-15 v3.1.10 (3.1.10)
)
Driver file for pgf: pgfsys-pdftex.def
 (c:/texlive/2024/texmf-dist/tex/generic/pgf/systemlayer/pgfsys-pdftex.def
File: pgfsys-pdftex.def 2023-01-15 v3.1.10 (3.1.10)
 (c:/texlive/2024/texmf-dist/tex/generic/pgf/systemlayer/pgfsys-common-pdf.def
File: pgfsys-common-pdf.def 2023-01-15 v3.1.10 (3.1.10)
))) (c:/texlive/2024/texmf-dist/tex/generic/pgf/systemlayer/pgfsyssoftpath.code.tex
File: pgfsyssoftpath.code.tex 2023-01-15 v3.1.10 (3.1.10)
\pgfsyssoftpath@smallbuffer@items=\count328
\pgfsyssoftpath@bigbuffer@items=\count329
) (c:/texlive/2024/texmf-dist/tex/generic/pgf/systemlayer/pgfsysprotocol.code.tex
File: pgfsysprotocol.code.tex 2023-01-15 v3.1.10 (3.1.10)
)) (c:/texlive/2024/texmf-dist/tex/generic/pgf/basiclayer/pgfcore.code.tex
Package: pgfcore 2023-01-15 v3.1.10 (3.1.10)
 (c:/texlive/2024/texmf-dist/tex/generic/pgf/math/pgfmath.code.tex (c:/texlive/2024/texmf-dist/tex/generic/pgf/math/pgfmathutil.code.tex) (c:/texlive/2024/texmf-dist/tex/generic/pgf/math/pgfmathparser.code.tex
\pgfmath@dimen=\dimen194
\pgfmath@count=\count330
\pgfmath@box=\box70
\pgfmath@toks=\toks43
\pgfmath@stack@operand=\toks44
\pgfmath@stack@operation=\toks45
) (c:/texlive/2024/texmf-dist/tex/generic/pgf/math/pgfmathfunctions.code.tex) (c:/texlive/2024/texmf-dist/tex/generic/pgf/math/pgfmathfunctions.basic.code.tex) (c:/texlive/2024/texmf-dist/tex/generic/pgf/math/pgfmathfunctions.trigonometric.code.tex) (c:/texlive/2024/texmf-dist/tex/generic/pgf/math/pgfmathfunctions.random.code.tex) (c:/texlive/2024/texmf-dist/tex/generic/pgf/math/pgfmathfunctions.comparison.code.tex) (c:/texlive/2024/texmf-dist/tex/generic/pgf/math/pgfmathfunctions.base.code.tex) (c:/texlive/2024/texmf-dist/tex/generic/pgf/math/pgfmathfunctions.round.code.tex) (c:/texlive/2024/texmf-dist/tex/generic/pgf/math/pgfmathfunctions.misc.code.tex) (c:/texlive/2024/texmf-dist/tex/generic/pgf/math/pgfmathfunctions.integerarithmetics.code.tex) (c:/texlive/2024/texmf-dist/tex/generic/pgf/math/pgfmathcalc.code.tex) (c:/texlive/2024/texmf-dist/tex/generic/pgf/math/pgfmathfloat.code.tex
\c@pgfmathroundto@lastzeros=\count331
)) (c:/texlive/2024/texmf-dist/tex/generic/pgf/math/pgfint.code.tex) (c:/texlive/2024/texmf-dist/tex/generic/pgf/basiclayer/pgfcorepoints.code.tex
File: pgfcorepoints.code.tex 2023-01-15 v3.1.10 (3.1.10)
\pgf@picminx=\dimen195
\pgf@picmaxx=\dimen196
\pgf@picminy=\dimen197
\pgf@picmaxy=\dimen198
\pgf@pathminx=\dimen199
\pgf@pathmaxx=\dimen256
\pgf@pathminy=\dimen257
\pgf@pathmaxy=\dimen258
\pgf@xx=\dimen259
\pgf@xy=\dimen260
\pgf@yx=\dimen261
\pgf@yy=\dimen262
\pgf@zx=\dimen263
\pgf@zy=\dimen264
) (c:/texlive/2024/texmf-dist/tex/generic/pgf/basiclayer/pgfcorepathconstruct.code.tex
File: pgfcorepathconstruct.code.tex 2023-01-15 v3.1.10 (3.1.10)
\pgf@path@lastx=\dimen265
\pgf@path@lasty=\dimen266
) (c:/texlive/2024/texmf-dist/tex/generic/pgf/basiclayer/pgfcorepathusage.code.tex
File: pgfcorepathusage.code.tex 2023-01-15 v3.1.10 (3.1.10)
\pgf@shorten@end@additional=\dimen267
\pgf@shorten@start@additional=\dimen268
) (c:/texlive/2024/texmf-dist/tex/generic/pgf/basiclayer/pgfcorescopes.code.tex
File: pgfcorescopes.code.tex 2023-01-15 v3.1.10 (3.1.10)
\pgfpic=\box71
\pgf@hbox=\box72
\pgf@layerbox@main=\box73
\pgf@picture@serial@count=\count332
) (c:/texlive/2024/texmf-dist/tex/generic/pgf/basiclayer/pgfcoregraphicstate.code.tex
File: pgfcoregraphicstate.code.tex 2023-01-15 v3.1.10 (3.1.10)
\pgflinewidth=\dimen269
) (c:/texlive/2024/texmf-dist/tex/generic/pgf/basiclayer/pgfcoretransformations.code.tex
File: pgfcoretransformations.code.tex 2023-01-15 v3.1.10 (3.1.10)
\pgf@pt@x=\dimen270
\pgf@pt@y=\dimen271
\pgf@pt@temp=\dimen272
) (c:/texlive/2024/texmf-dist/tex/generic/pgf/basiclayer/pgfcorequick.code.tex
File: pgfcorequick.code.tex 2023-01-15 v3.1.10 (3.1.10)
) (c:/texlive/2024/texmf-dist/tex/generic/pgf/basiclayer/pgfcoreobjects.code.tex
File: pgfcoreobjects.code.tex 2023-01-15 v3.1.10 (3.1.10)
) (c:/texlive/2024/texmf-dist/tex/generic/pgf/basiclayer/pgfcorepathprocessing.code.tex
File: pgfcorepathprocessing.code.tex 2023-01-15 v3.1.10 (3.1.10)
) (c:/texlive/2024/texmf-dist/tex/generic/pgf/basiclayer/pgfcorearrows.code.tex
File: pgfcorearrows.code.tex 2023-01-15 v3.1.10 (3.1.10)
\pgfarrowsep=\dimen273
) (c:/texlive/2024/texmf-dist/tex/generic/pgf/basiclayer/pgfcoreshade.code.tex
File: pgfcoreshade.code.tex 2023-01-15 v3.1.10 (3.1.10)
\pgf@max=\dimen274
\pgf@sys@shading@range@num=\count333
\pgf@shadingcount=\count334
) (c:/texlive/2024/texmf-dist/tex/generic/pgf/basiclayer/pgfcoreimage.code.tex
File: pgfcoreimage.code.tex 2023-01-15 v3.1.10 (3.1.10)
) (c:/texlive/2024/texmf-dist/tex/generic/pgf/basiclayer/pgfcoreexternal.code.tex
File: pgfcoreexternal.code.tex 2023-01-15 v3.1.10 (3.1.10)
\pgfexternal@startupbox=\box74
) (c:/texlive/2024/texmf-dist/tex/generic/pgf/basiclayer/pgfcorelayers.code.tex
File: pgfcorelayers.code.tex 2023-01-15 v3.1.10 (3.1.10)
) (c:/texlive/2024/texmf-dist/tex/generic/pgf/basiclayer/pgfcoretransparency.code.tex
File: pgfcoretransparency.code.tex 2023-01-15 v3.1.10 (3.1.10)
) (c:/texlive/2024/texmf-dist/tex/generic/pgf/basiclayer/pgfcorepatterns.code.tex
File: pgfcorepatterns.code.tex 2023-01-15 v3.1.10 (3.1.10)
) (c:/texlive/2024/texmf-dist/tex/generic/pgf/basiclayer/pgfcorerdf.code.tex
File: pgfcorerdf.code.tex 2023-01-15 v3.1.10 (3.1.10)
))) (c:/texlive/2024/texmf-dist/tex/generic/pgf/modules/pgfmoduleshapes.code.tex
File: pgfmoduleshapes.code.tex 2023-01-15 v3.1.10 (3.1.10)
\pgfnodeparttextbox=\box75
) (c:/texlive/2024/texmf-dist/tex/generic/pgf/modules/pgfmoduleplot.code.tex
File: pgfmoduleplot.code.tex 2023-01-15 v3.1.10 (3.1.10)
) (c:/texlive/2024/texmf-dist/tex/latex/pgf/compatibility/pgfcomp-version-0-65.sty
Package: pgfcomp-version-0-65 2023-01-15 v3.1.10 (3.1.10)
\pgf@nodesepstart=\dimen275
\pgf@nodesepend=\dimen276
) (c:/texlive/2024/texmf-dist/tex/latex/pgf/compatibility/pgfcomp-version-1-18.sty
Package: pgfcomp-version-1-18 2023-01-15 v3.1.10 (3.1.10)
)) (c:/texlive/2024/texmf-dist/tex/latex/tools/verbatim.sty
Package: verbatim 2024-01-22 v1.5x LaTeX2e package for verbatim enhancements
\every@verbatim=\toks46
\verbatim@line=\toks47
\verbatim@in@stream=\read3
) (c:/texlive/2024/texmf-dist/tex/latex/environ/environ.sty
Package: environ 2014/05/04 v0.3 A new way to define environments
 (c:/texlive/2024/texmf-dist/tex/latex/trimspaces/trimspaces.sty
Package: trimspaces 2009/09/17 v1.1 Trim spaces around a token list
))
\tcb@titlebox=\box76
\tcb@upperbox=\box77
\tcb@lowerbox=\box78
\tcb@phantombox=\box79
\c@tcbbreakpart=\count335
\c@tcblayer=\count336
\c@tcolorbox@number=\count337
\l__tcobox_tmpa_box=\box80
\l__tcobox_tmpa_dim=\dimen277
\tcb@temp=\box81
\tcb@temp=\box82
\tcb@temp=\box83
\tcb@temp=\box84
) (c:/texlive/2024/texmf-dist/tex/latex/booktabs/booktabs.sty
Package: booktabs 2020/01/12 v1.61803398 Publication quality tables
\heavyrulewidth=\dimen278
\lightrulewidth=\dimen279
\cmidrulewidth=\dimen280
\belowrulesep=\dimen281
\belowbottomsep=\dimen282
\aboverulesep=\dimen283
\abovetopsep=\dimen284
\cmidrulesep=\dimen285
\cmidrulekern=\dimen286
\defaultaddspace=\dimen287
\@cmidla=\count338
\@cmidlb=\count339
\@aboverulesep=\dimen288
\@belowrulesep=\dimen289
\@thisruleclass=\count340
\@lastruleclass=\count341
\@thisrulewidth=\dimen290
) (c:/texlive/2024/texmf-dist/tex/latex/adjustbox/adjustbox.sty
Package: adjustbox 2022/10/17 v1.3a Adjusting TeX boxes (trim, clip, ...)
 (c:/texlive/2024/texmf-dist/tex/latex/xkeyval/xkeyval.sty
Package: xkeyval 2022/06/16 v2.9 package option processing (HA)
 (c:/texlive/2024/texmf-dist/tex/generic/xkeyval/xkeyval.tex (c:/texlive/2024/texmf-dist/tex/generic/xkeyval/xkvutils.tex
\XKV@toks=\toks48
\XKV@tempa@toks=\toks49
)
\XKV@depth=\count342
File: xkeyval.tex 2014/12/03 v2.7a key=value parser (HA)
)) (c:/texlive/2024/texmf-dist/tex/latex/adjustbox/adjcalc.sty
Package: adjcalc 2012/05/16 v1.1 Provides advanced setlength with multiple back-ends (calc, etex, pgfmath)
) (c:/texlive/2024/texmf-dist/tex/latex/adjustbox/trimclip.sty
Package: trimclip 2020/08/19 v1.2 Trim and clip general TeX material
 (c:/texlive/2024/texmf-dist/tex/latex/collectbox/collectbox.sty
Package: collectbox 2022/10/17 v0.4c Collect macro arguments as boxes
\collectedbox=\box85
)
\tc@llx=\dimen291
\tc@lly=\dimen292
\tc@urx=\dimen293
\tc@ury=\dimen294
Package trimclip Info: Using driver 'tc-pdftex.def'.
 (c:/texlive/2024/texmf-dist/tex/latex/adjustbox/tc-pdftex.def
File: tc-pdftex.def 2019/01/04 v2.2 Clipping driver for pdftex
))
\adjbox@Width=\dimen295
\adjbox@Height=\dimen296
\adjbox@Depth=\dimen297
\adjbox@Totalheight=\dimen298
\adjbox@pwidth=\dimen299
\adjbox@pheight=\dimen300
\adjbox@pdepth=\dimen301
\adjbox@ptotalheight=\dimen302
 (c:/texlive/2024/texmf-dist/tex/latex/ifoddpage/ifoddpage.sty
Package: ifoddpage 2022/10/18 v1.2 Conditionals for odd/even page detection
\c@checkoddpage=\count343
) (c:/texlive/2024/texmf-dist/tex/latex/varwidth/varwidth.sty
Package: varwidth 2009/03/30 ver 0.92;  Variable-width minipages
\@vwid@box=\box86
\sift@deathcycles=\count344
\@vwid@loff=\dimen303
\@vwid@roff=\dimen304
)) (c:/texlive/2024/texmf-dist/tex/latex/caption/subcaption.sty
Package: subcaption 2023/07/28 v1.6b Sub-captions (AR)
 (c:/texlive/2024/texmf-dist/tex/latex/caption/caption.sty
Package: caption 2023/08/05 v3.6o Customizing captions (AR)
 (c:/texlive/2024/texmf-dist/tex/latex/caption/caption3.sty
Package: caption3 2023/07/31 v2.4d caption3 kernel (AR)
\caption@tempdima=\dimen305
\captionmargin=\dimen306
\caption@leftmargin=\dimen307
\caption@rightmargin=\dimen308
\caption@width=\dimen309
\caption@indent=\dimen310
\caption@parindent=\dimen311
\caption@hangindent=\dimen312
Package caption Info: Standard document class detected.
)
\c@caption@flags=\count345
\c@continuedfloat=\count346
Package caption Info: float package is loaded.
Package caption Info: hyperref package is loaded.
Package caption Info: listings package is loaded.
Package caption Info: longtable package is loaded.
 (c:/texlive/2024/texmf-dist/tex/latex/caption/ltcaption.sty
Package: ltcaption 2021/01/08 v1.4c longtable captions (AR)
))
Package caption Info: New subtype `subfigure' on input line 238.
\c@subfigure=\count347
Package caption Info: New subtype `subtable' on input line 238.
\c@subtable=\count348
) (c:/texlive/2024/texmf-dist/tex/latex/cite/cite.sty
LaTeX Info: Redefining \cite on input line 302.
LaTeX Info: Redefining \nocite on input line 332.
Package: cite 2015/02/27  v 5.5
) (c:/texlive/2024/texmf-dist/tex/latex/subfiles/subfiles.sty
Package: subfiles 2020/11/14 v2.2 Multi-file projects (package)
 (c:/texlive/2024/texmf-dist/tex/latex/import/import.sty
Package: import 2020/04/01  v 6.2
)))
LaTeX Font Info:    Trying to load font information for OT1+ptm on input line 4.
 (c:/texlive/2024/texmf-dist/tex/latex/psnfss/ot1ptm.fd
File: ot1ptm.fd 2001/06/04 font definitions for OT1/ptm.
) (c:/texlive/2024/texmf-dist/tex/latex/l3backend/l3backend-pdftex.def
File: l3backend-pdftex.def 2024-05-08 L3 backend support: PDF output (pdfTeX)
\l__color_backend_stack_int=\count349
\l__pdf_internal_box=\box87
) (./main.aux (./sublatex/parfait/ECI.aux) (./sublatex/Boima/Boima.aux) (./sublatex/Opryrmi/Opryrmi.aux) (./sublatex/Gregoire/Gregoire.aux) (./sublatex/hashem/ROS.aux) (./sublatex/parfait/simulation_environment.aux) (./sublatex/hashem/urdf.aux) (./sublatex/felly/felly.aux))
\openout1 = `main.aux'.

LaTeX Font Info:    Checking defaults for OML/cmm/m/it on input line 4.
LaTeX Font Info:    ... okay on input line 4.
LaTeX Font Info:    Checking defaults for OMS/cmsy/m/n on input line 4.
LaTeX Font Info:    ... okay on input line 4.
LaTeX Font Info:    Checking defaults for OT1/cmr/m/n on input line 4.
LaTeX Font Info:    ... okay on input line 4.
LaTeX Font Info:    Checking defaults for T1/cmr/m/n on input line 4.
LaTeX Font Info:    ... okay on input line 4.
LaTeX Font Info:    Checking defaults for TS1/cmr/m/n on input line 4.
LaTeX Font Info:    ... okay on input line 4.
LaTeX Font Info:    Checking defaults for OMX/cmex/m/n on input line 4.
LaTeX Font Info:    ... okay on input line 4.
LaTeX Font Info:    Checking defaults for U/cmr/m/n on input line 4.
LaTeX Font Info:    ... okay on input line 4.
LaTeX Font Info:    Checking defaults for PD1/pdf/m/n on input line 4.
LaTeX Font Info:    ... okay on input line 4.
LaTeX Font Info:    Checking defaults for PU/pdf/m/n on input line 4.
LaTeX Font Info:    ... okay on input line 4.
 (c:/texlive/2024/texmf-dist/tex/context/base/mkii/supp-pdf.mkii
[Loading MPS to PDF converter (version 2006.09.02).]
\scratchcounter=\count350
\scratchdimen=\dimen313
\scratchbox=\box88
\nofMPsegments=\count351
\nofMParguments=\count352
\everyMPshowfont=\toks50
\MPscratchCnt=\count353
\MPscratchDim=\dimen314
\MPnumerator=\count354
\makeMPintoPDFobject=\count355
\everyMPtoPDFconversion=\toks51
) (c:/texlive/2024/texmf-dist/tex/latex/epstopdf-pkg/epstopdf-base.sty
Package: epstopdf-base 2020-01-24 v2.11 Base part for package epstopdf
Package epstopdf-base Info: Redefining graphics rule for `.eps' on input line 485.
 (c:/texlive/2024/texmf-dist/tex/latex/latexconfig/epstopdf-sys.cfg
File: epstopdf-sys.cfg 2010/07/13 v1.3 Configuration of (r)epstopdf for TeX Live
))
*geometry* driver: auto-detecting
*geometry* detected driver: pdftex
*geometry* verbose mode - [ preamble ] result:
* driver: pdftex
* paper: a4paper
* layout: <same size as paper>
* layoutoffset:(h,v)=(0.0pt,0.0pt)
* modes: 
* h-part:(L,W,R)=(85.35826pt, 441.01773pt, 71.13188pt)
* v-part:(T,H,B)=(85.35826pt, 674.33032pt, 85.35826pt)
* \paperwidth=597.50787pt
* \paperheight=845.04684pt
* \textwidth=441.01773pt
* \textheight=674.33032pt
* \oddsidemargin=13.08827pt
* \evensidemargin=13.08827pt
* \topmargin=-23.91173pt
* \headheight=12.0pt
* \headsep=25.0pt
* \topskip=12.0pt
* \footskip=30.0pt
* \marginparwidth=35.0pt
* \marginparsep=10.0pt
* \columnsep=10.0pt
* \skip\footins=10.8pt plus 4.0pt minus 2.0pt
* \hoffset=0.0pt
* \voffset=0.0pt
* \mag=1000
* \@twocolumnfalse
* \@twosidefalse
* \@mparswitchfalse
* \@reversemarginfalse
* (1in=72.27pt=25.4mm, 1cm=28.453pt)

Package hyperref Info: Link coloring OFF on input line 4.
(./main.out) (./main.out)
\@outlinefile=\write4
\openout4 = `main.out'.

\c@lstlisting=\count356
Package caption Info: Begin \AtBeginDocument code.
Package caption Info: End \AtBeginDocument code.
 (./intro.tex
<doc/logo.png, id=750, 620.3175pt x 654.445pt>
File: doc/logo.png Graphic file (type png)
<use doc/logo.png>
Package pdftex.def Info: doc/logo.png  used on input line 5.
(pdftex.def)             Requested size: 170.71652pt x 180.10774pt.
LaTeX Font Info:    Trying to load font information for OT1+ztmcm on input line 11.
 (c:/texlive/2024/texmf-dist/tex/latex/psnfss/ot1ztmcm.fd
File: ot1ztmcm.fd 2000/01/03 Fontinst v1.801 font definitions for OT1/ztmcm.
)
LaTeX Font Info:    Trying to load font information for OML+ztmcm on input line 11.
 (c:/texlive/2024/texmf-dist/tex/latex/psnfss/omlztmcm.fd
File: omlztmcm.fd 2000/01/03 Fontinst v1.801 font definitions for OML/ztmcm.
)
LaTeX Font Info:    Trying to load font information for OMS+ztmcm on input line 11.
 (c:/texlive/2024/texmf-dist/tex/latex/psnfss/omsztmcm.fd
File: omsztmcm.fd 2000/01/03 Fontinst v1.801 font definitions for OMS/ztmcm.
)
LaTeX Font Info:    Trying to load font information for OMX+ztmcm on input line 11.
 (c:/texlive/2024/texmf-dist/tex/latex/psnfss/omxztmcm.fd
File: omxztmcm.fd 2000/01/03 Fontinst v1.801 font definitions for OMX/ztmcm.
)
LaTeX Font Info:    Font shape `OT1/ptm/bx/n' in size <12> not available
(Font)              Font shape `OT1/ptm/b/n' tried instead on input line 11.
LaTeX Font Info:    Font shape `OT1/ptm/bx/n' in size <9> not available
(Font)              Font shape `OT1/ptm/b/n' tried instead on input line 11.
LaTeX Font Info:    Font shape `OT1/ptm/bx/n' in size <7> not available
(Font)              Font shape `OT1/ptm/b/n' tried instead on input line 11.


[1

{c:/texlive/2024/texmf-var/fonts/map/pdftex/updmap/pdftex.map}{c:/texlive/2024/texmf-dist/fonts/enc/dvips/base/8r.enc} <./doc/logo.png>]
File: doc/logo.png Graphic file (type png)
<use doc/logo.png>
Package pdftex.def Info: doc/logo.png  used on input line 29.
(pdftex.def)             Requested size: 170.71652pt x 180.10774pt.



pdfTeX warning (ext4): destination with the same identifier (name{page.}) has been already used, duplicate ignored
<to be read again> 
                   \relax 
l.49 \newpage
              [2]


pdfTeX warning (ext4): destination with the same identifier (name{page.}) has been already used, duplicate ignored
<to be read again> 
                   \relax 
l.76 \newpage
              [3]
Underfull \hbox (badness 10000) in paragraph at lines 80--80
|\OT1/ptm/b/n/14 ACKNOWLEDGEMENTS|
 []



[1]
Underfull \hbox (badness 10000) in paragraph at lines 95--95
|\OT1/ptm/b/n/14 ABSTRACT|
 []



[2] (./main.toc

[3

]

[4]

[5]

[6]

[7])
\tf@toc=\write5
\openout5 = `main.toc'.



[8] (./main.lof

[9

]

[10])
\tf@lof=\write6
\openout6 = `main.lof'.



[11] (./main.lot
Overfull \hbox (7.67047pt too wide) in paragraph at lines 21--21
 [][] [][]\OT1/ptm/m/n/12 Actuator cylin-der ex-ten-sion mea-sure-ments show-ing the ini-tial and fi-nal lengths 
 []

)
\tf@lot=\write7
\openout7 = `main.lot'.



[12

]

[1

]
Chapter 1.
LaTeX Font Info:    Trying to load font information for OT1+phv on input line 118.
(c:/texlive/2024/texmf-dist/tex/latex/psnfss/ot1phv.fd
File: ot1phv.fd 2020/03/25 scalable font definitions for OT1/phv.
)
<doc/oldestAGV.jpg, id=1202, 602.25pt x 448.67625pt>
File: doc/oldestAGV.jpg Graphic file (type jpg)
<use doc/oldestAGV.jpg>
Package pdftex.def Info: doc/oldestAGV.jpg  used on input line 153.
(pdftex.def)             Requested size: 220.50887pt x 164.28236pt.


[2

 <./doc/oldestAGV.jpg>]

[3]

[4

]
Chapter 2.
<doc/smart_agv.jpg, id=1222, 591.8913pt x 278.60085pt>
File: doc/smart_agv.jpg Graphic file (type jpg)
<use doc/smart_agv.jpg>
Package pdftex.def Info: doc/smart_agv.jpg  used on input line 190.
(pdftex.def)             Requested size: 441.01773pt x 207.58975pt.
)

[5

 <./doc/smart_agv.jpg>]

[6

]
\openout2 = `sublatex/parfait/ECI.aux'.

 (./sublatex/parfait/ECI.tex
Chapter 3.


[7


]

[8]
<sublatex/parfait/fig/battery.jpg, id=1239, 501.875pt x 501.875pt>
File: sublatex/parfait/fig/battery.jpg Graphic file (type jpg)
<use sublatex/parfait/fig/battery.jpg>
Package pdftex.def Info: sublatex/parfait/fig/battery.jpg  used on input line 73.
(pdftex.def)             Requested size: 198.45662pt x 198.4567pt.


[9 <./sublatex/parfait/fig/battery.jpg>]
<sublatex/parfait/fig/voltage_regulator.jpg, id=1247, 1405.25pt x 1405.25pt>
File: sublatex/parfait/fig/voltage_regulator.jpg Graphic file (type jpg)
<use sublatex/parfait/fig/voltage_regulator.jpg>
Package pdftex.def Info: sublatex/parfait/fig/voltage_regulator.jpg  used on input line 113.
(pdftex.def)             Requested size: 220.50887pt x 220.49179pt.
LaTeX Font Info:    Trying to load font information for TS1+cmtt on input line 131.
 (c:/texlive/2024/texmf-dist/tex/latex/base/ts1cmtt.fd
File: ts1cmtt.fd 2023/04/13 v2.5m Standard LaTeX font definitions
)
<sublatex/parfait/fig/motor_booster.jpg, id=1250, 1004.75375pt x 1004.75375pt>
File: sublatex/parfait/fig/motor_booster.jpg Graphic file (type jpg)
<use sublatex/parfait/fig/motor_booster.jpg>
Package pdftex.def Info: sublatex/parfait/fig/motor_booster.jpg  used on input line 144.
(pdftex.def)             Requested size: 220.50887pt x 220.49458pt.


[10{c:/texlive/2024/texmf-dist/fonts/enc/dvips/cm-super/cm-super-ts1.enc} <./sublatex/parfait/fig/voltage_regulator.jpg>]

[11 <./sublatex/parfait/fig/motor_booster.jpg>]
<sublatex/parfait/fig/actuator_booster.jpg, id=1262, 903.375pt x 903.375pt>
File: sublatex/parfait/fig/actuator_booster.jpg Graphic file (type jpg)
<use sublatex/parfait/fig/actuator_booster.jpg>
Package pdftex.def Info: sublatex/parfait/fig/actuator_booster.jpg  used on input line 187.
(pdftex.def)             Requested size: 242.5611pt x 242.56364pt.

Overfull \hbox (28.45274pt too wide) in paragraph at lines 200--200
[]|$[]$| 
 []


Overfull \hbox (28.45274pt too wide) in paragraph at lines 205--205
[]|$[]$| 
 []


Overfull \hbox (28.45274pt too wide) in paragraph at lines 209--209
[]|$[]$| 
 []



[12 <./sublatex/parfait/fig/actuator_booster.jpg>]
LaTeX Font Info:    Trying to load font information for TS1+ptm on input line 224.
 (c:/texlive/2024/texmf-dist/tex/latex/psnfss/ts1ptm.fd
File: ts1ptm.fd 2001/06/04 font definitions for TS1/ptm.
)

[13]
<sublatex/parfait/fig/nema_motor.png, id=1280, 491.8375pt x 480.79625pt>
File: sublatex/parfait/fig/nema_motor.png Graphic file (type png)
<use sublatex/parfait/fig/nema_motor.png>
Package pdftex.def Info: sublatex/parfait/fig/nema_motor.png  used on input line 278.
(pdftex.def)             Requested size: 176.40439pt x 172.4409pt.


LaTeX Warning: `!h' float specifier changed to `!ht'.



[14 <./sublatex/parfait/fig/nema_motor.png>]
Overfull \hbox (17.35219pt too wide) in paragraph at lines 325--330
[]\OT1/ptm/m/n/12 The lift-ing mech-a-nism of the au-to-mated guided ve-hi-cle (AGV) uti-lizes a high-performance
 []

<sublatex/parfait/fig/linear_actuator.jpg, id=1286, 909.3975pt x 833.1125pt>
File: sublatex/parfait/fig/linear_actuator.jpg Graphic file (type jpg)
<use sublatex/parfait/fig/linear_actuator.jpg>
Package pdftex.def Info: sublatex/parfait/fig/linear_actuator.jpg  used on input line 333.
(pdftex.def)             Requested size: 198.45662pt x 181.79797pt.


[15]

[16 <./sublatex/parfait/fig/linear_actuator.jpg>]
<sublatex/parfait/fig/stepper_driver.png, id=1296, 486.81876pt x 486.81876pt>
File: sublatex/parfait/fig/stepper_driver.png Graphic file (type png)
<use sublatex/parfait/fig/stepper_driver.png>
Package pdftex.def Info: sublatex/parfait/fig/stepper_driver.png  used on input line 388.
(pdftex.def)             Requested size: 198.45662pt x 198.45303pt.

Underfull \hbox (badness 10000) in paragraph at lines 405--405
[]|\OT1/cmtt/m/n/12 Protections for over-voltage,over-current,and position following
 []


Underfull \hbox (badness 10000) in paragraph at lines 406--406
[]|\OT1/cmtt/m/n/12 By default, supports an encoder with a resolution of 1000PPR;
 []


Underfull \hbox (badness 10000) in paragraph at lines 418--418
[]|\OT1/cmtt/m/n/12 Avoid dust, oil mist, and corrosive
 []



[17 <./sublatex/parfait/fig/stepper_driver.png>]
<sublatex/parfait/fig/40_amp_driver.jpg, id=1303, 803.0pt x 536.0025pt>
File: sublatex/parfait/fig/40_amp_driver.jpg Graphic file (type jpg)
<use sublatex/parfait/fig/40_amp_driver.jpg>
Package pdftex.def Info: sublatex/parfait/fig/40_amp_driver.jpg  used on input line 440.
(pdftex.def)             Requested size: 198.45662pt x 132.47087pt.


[18]
Underfull \hbox (badness 10000) in paragraph at lines 457--457
[]|\OT1/cmtt/m/n/12 Requires only four lines from MCU to driver module (GND, 5V, PWM1,
 []


Underfull \hbox (badness 10000) in paragraph at lines 459--459
[]|\OT1/cmtt/m/n/12 Supports motor forward and reverse control; two PWM input frequencies
 []



[19 <./sublatex/parfait/fig/40_amp_driver.jpg>]
<sublatex/parfait/fig/tof_sensor.png, id=1313, 442.65375pt x 240.9pt>
File: sublatex/parfait/fig/tof_sensor.png Graphic file (type png)
<use sublatex/parfait/fig/tof_sensor.png>
Package pdftex.def Info: sublatex/parfait/fig/tof_sensor.png  used on input line 498.
(pdftex.def)             Requested size: 198.45662pt x 108.00333pt.
<sublatex/parfait/fig/4_cells.png, id=1314, 393.47pt x 348.30125pt>
File: sublatex/parfait/fig/4_cells.png Graphic file (type png)
<use sublatex/parfait/fig/4_cells.png>
Package pdftex.def Info: sublatex/parfait/fig/4_cells.png  used on input line 510.
(pdftex.def)             Requested size: 198.45662pt x 175.67018pt.


[20 <./sublatex/parfait/fig/tof_sensor.png>]
<sublatex/parfait/fig/load_cell_amplifier.png, id=1322, 488.82625pt x 377.41pt>
File: sublatex/parfait/fig/load_cell_amplifier.png Graphic file (type png)
<use sublatex/parfait/fig/load_cell_amplifier.png>
Package pdftex.def Info: sublatex/parfait/fig/load_cell_amplifier.png  used on input line 520.
(pdftex.def)             Requested size: 198.45662pt x 153.22453pt.
<sublatex/parfait/fig/lidar.png, id=1323, 426.59375pt x 426.59375pt>
File: sublatex/parfait/fig/lidar.png Graphic file (type png)
<use sublatex/parfait/fig/lidar.png>
Package pdftex.def Info: sublatex/parfait/fig/lidar.png  used on input line 534.
(pdftex.def)             Requested size: 198.45662pt x 198.46167pt.


[21 <./sublatex/parfait/fig/4_cells.png> <./sublatex/parfait/fig/load_cell_amplifier.png>]
<sublatex/parfait/fig/huskylens.png, id=1330, 528.97626pt x 386.44376pt>
File: sublatex/parfait/fig/huskylens.png Graphic file (type png)
<use sublatex/parfait/fig/huskylens.png>
Package pdftex.def Info: sublatex/parfait/fig/huskylens.png  used on input line 549.
(pdftex.def)             Requested size: 220.50887pt x 161.09056pt.
<sublatex/parfait/fig/imu.jpg, id=1331, 903.375pt x 903.375pt>
File: sublatex/parfait/fig/imu.jpg Graphic file (type jpg)
<use sublatex/parfait/fig/imu.jpg>
Package pdftex.def Info: sublatex/parfait/fig/imu.jpg  used on input line 564.
(pdftex.def)             Requested size: 220.50887pt x 220.50864pt.


[22 <./sublatex/parfait/fig/lidar.png> <./sublatex/parfait/fig/huskylens.png>]
<sublatex/parfait/fig/qr_scanner.png, id=1339, 566.115pt x 406.51875pt>
File: sublatex/parfait/fig/qr_scanner.png Graphic file (type png)
<use sublatex/parfait/fig/qr_scanner.png>
Package pdftex.def Info: sublatex/parfait/fig/qr_scanner.png  used on input line 573.
(pdftex.def)             Requested size: 220.50887pt x 158.34317pt.
<sublatex/parfait/fig/array.png, id=1340, 617.30624pt x 423.5825pt>
File: sublatex/parfait/fig/array.png Graphic file (type png)
<use sublatex/parfait/fig/array.png>
Package pdftex.def Info: sublatex/parfait/fig/array.png  used on input line 582.
(pdftex.def)             Requested size: 220.50887pt x 151.3068pt.


[23 <./sublatex/parfait/fig/imu.jpg> <./sublatex/parfait/fig/qr_scanner.png>]
<sublatex/parfait/fig/raspberry.png, id=1347, 586.19pt x 419.5675pt>
File: sublatex/parfait/fig/raspberry.png Graphic file (type png)
<use sublatex/parfait/fig/raspberry.png>
Package pdftex.def Info: sublatex/parfait/fig/raspberry.png  used on input line 606.
(pdftex.def)             Requested size: 220.50887pt x 157.82397pt.


[24 <./sublatex/parfait/fig/array.png> <./sublatex/parfait/fig/raspberry.png>]
<sublatex/parfait/fig/esp32.png, id=1355, 5.7816pt x 5.02277pt>
File: sublatex/parfait/fig/esp32.png Graphic file (type png)
<use sublatex/parfait/fig/esp32.png>
Package pdftex.def Info: sublatex/parfait/fig/esp32.png  used on input line 633.
(pdftex.def)             Requested size: 220.50887pt x 191.57747pt.
<sublatex/parfait/fig/bluetooth.jpg, id=1356, 752.8125pt x 752.8125pt>
File: sublatex/parfait/fig/bluetooth.jpg Graphic file (type jpg)
<use sublatex/parfait/fig/bluetooth.jpg>
Package pdftex.def Info: sublatex/parfait/fig/bluetooth.jpg  used on input line 642.
(pdftex.def)             Requested size: 220.50887pt x 220.50404pt.


[25 <./sublatex/parfait/fig/esp32.png>])

[26 <./sublatex/parfait/fig/bluetooth.jpg>]
\openout2 = `sublatex/Boima/Boima.aux'.

 (./sublatex/Boima/Boima.tex
Chapter 4.


[27




]

[28]

[29]

[30]
<sublatex/Boima/img/image1.jpg, id=1388, 638.385pt x 435.12563pt>
File: sublatex/Boima/img/image1.jpg Graphic file (type jpg)
<use sublatex/Boima/img/image1.jpg>
Package pdftex.def Info: sublatex/Boima/img/image1.jpg  used on input line 213.
(pdftex.def)             Requested size: 264.61333pt x 180.3613pt.
<sublatex/Boima/img/image003.png, id=1389, 1098.1025pt x 671.50874pt>
File: sublatex/Boima/img/image003.png Graphic file (type png)
<use sublatex/Boima/img/image003.png>
Package pdftex.def Info: sublatex/Boima/img/image003.png  used on input line 236.
(pdftex.def)             Requested size: 220.50887pt x 134.84242pt.


[31 <./sublatex/Boima/img/image1.jpg> <./sublatex/Boima/img/image003.png>]

[32]
<sublatex/Boima/img/image005.png, id=1404, 821.0675pt x 821.0675pt>
File: sublatex/Boima/img/image005.png Graphic file (type png)
<use sublatex/Boima/img/image005.png>
Package pdftex.def Info: sublatex/Boima/img/image005.png  used on input line 321.
(pdftex.def)             Requested size: 352.81552pt x 352.8141pt.


LaTeX Warning: `h' float specifier changed to `ht'.



[33]

[34 <./sublatex/Boima/img/image005.png>]
<sublatex/Boima/img/image015.png, id=1418, 598.235pt x 339.2675pt>
File: sublatex/Boima/img/image015.png Graphic file (type png)
<use sublatex/Boima/img/image015.png>
Package pdftex.def Info: sublatex/Boima/img/image015.png  used on input line 393.
(pdftex.def)             Requested size: 139.3187pt x 79.00829pt.


[35 <./sublatex/Boima/img/image015.png>]
Underfull \hbox (badness 2460) in paragraph at lines 420--420
[]|\OT1/ptm/m/n/12 Main lift-ing mech-a-nism com-po-
 []


Underfull \hbox (badness 3861) in paragraph at lines 421--421
[]|\OT1/ptm/m/n/12 Facilitates smooth move-ment at
 []


Overfull \hbox (1.33905pt too wide) in paragraph at lines 416--428
[][] 
 []



[36]
<sublatex/Boima/img/image017.png, id=1433, 294.993pt x 223.7085pt>
File: sublatex/Boima/img/image017.png Graphic file (type png)
<use sublatex/Boima/img/image017.png>
Package pdftex.def Info: sublatex/Boima/img/image017.png  used on input line 457.
(pdftex.def)             Requested size: 308.71106pt x 234.1294pt.


[37 <./sublatex/Boima/img/image017.png>]
Overfull \hbox (3.42256pt too wide) in paragraph at lines 515--525
[][] 
 []



[38]
Overfull \hbox (42.62895pt too wide) in paragraph at lines 576--586
[][] 
 []



[39]

[40]
<sublatex/Boima/img/image037.png, id=1462, 834.86906pt x 266.49562pt>
File: sublatex/Boima/img/image037.png Graphic file (type png)
<use sublatex/Boima/img/image037.png>
Package pdftex.def Info: sublatex/Boima/img/image037.png  used on input line 663.
(pdftex.def)             Requested size: 441.01773pt x 140.77843pt.


[41 <./sublatex/Boima/img/image037.png>]

[42]

[43]
Overfull \hbox (1.16794pt too wide) in paragraph at lines 843--850
[][] 
 []



[44]

[45]

LaTeX Warning: `!h' float specifier changed to `!ht'.



[46]
<sublatex/Boima/img/image073.png, id=1502, 505.89pt x 216.05719pt>
File: sublatex/Boima/img/image073.png Graphic file (type png)
<use sublatex/Boima/img/image073.png>
Package pdftex.def Info: sublatex/Boima/img/image073.png  used on input line 1023.
(pdftex.def)             Requested size: 441.01773pt x 188.35394pt.
<sublatex/Boima/img/image075.png, id=1503, 277.035pt x 152.82094pt>
File: sublatex/Boima/img/image075.png Graphic file (type png)
<use sublatex/Boima/img/image075.png>
Package pdftex.def Info: sublatex/Boima/img/image075.png  used on input line 1029.
(pdftex.def)             Requested size: 441.01773pt x 243.28024pt.


[47 <./sublatex/Boima/img/image073.png>]

[48 <./sublatex/Boima/img/image075.png>]
Overfull \hbox (7.09064pt too wide) in paragraph at lines 1236--1245
[]\OT1/ptm/m/n/12 The dis-place-ment anal-y-sis re-sults in-di-cate that un-der a de-for-ma-tion scale fac-tor of 15.0324,
 []



[49]

[50]

[51]
Overfull \hbox (7.24893pt too wide) in paragraph at lines 1420--1426
\OT1/ptm/m/n/12 con-di-tions, demon-strat-ing seam-less in-te-gra-tion with scis-sor lift op-er-a-tions and ef-fec-tive weight
 []



[52]
Chapter 5.


[53

])

[54]
\openout2 = `sublatex/Opryrmi/Opryrmi.aux'.

 (./sublatex/Opryrmi/Opryrmi.tex
Chapter 6.


[55




]
Overfull \hbox (14.75868pt too wide) in paragraph at lines 24--24
|[]\OT1/ptm/b/n/14 CRITICAL EL-E-MENTS OF AGV DE-SIGN: DRIVE WHEELS, GEAR
 []



[56]

[57]

[58]
Overfull \hbox (9.52829pt too wide) in paragraph at lines 177--178
[]\OT1/ptm/m/it/12 Manufacturing Costs: \OT1/ptm/m/n/12 CNC ma-chin-ing, in-jec-tion mold-ing, and forg-ing are cost-intensive
 []



[59]

[60]

[61]
<sublatex/Opryrmi/media/image1.png, id=1581, 469.755pt x 266.79675pt>
File: sublatex/Opryrmi/media/image1.png Graphic file (type png)
<use sublatex/Opryrmi/media/image1.png>
Package pdftex.def Info: sublatex/Opryrmi/media/image1.png  used on input line 270.
(pdftex.def)             Requested size: 441.01773pt x 250.4755pt.


LaTeX Warning: `h' float specifier changed to `ht'.



[62]
<sublatex/Opryrmi/media/image2.png, id=1595, 274.626pt x 152.9715pt>
File: sublatex/Opryrmi/media/image2.png Graphic file (type png)
<use sublatex/Opryrmi/media/image2.png>
Package pdftex.def Info: sublatex/Opryrmi/media/image2.png  used on input line 289.
(pdftex.def)             Requested size: 352.81552pt x 196.52406pt.


LaTeX Warning: `h' float specifier changed to `ht'.

<sublatex/Opryrmi/media/image3.png, id=1596, 366.77025pt x 155.3805pt>
File: sublatex/Opryrmi/media/image3.png Graphic file (type png)
<use sublatex/Opryrmi/media/image3.png>
Package pdftex.def Info: sublatex/Opryrmi/media/image3.png  used on input line 320.
(pdftex.def)             Requested size: 352.81552pt x 149.47415pt.

LaTeX Warning: `h' float specifier changed to `ht'.

<sublatex/Opryrmi/media/image4.png, id=1597, 469.755pt x 228.25275pt>
File: sublatex/Opryrmi/media/image4.png Graphic file (type png)
<use sublatex/Opryrmi/media/image4.png>
Package pdftex.def Info: sublatex/Opryrmi/media/image4.png  used on input line 331.
(pdftex.def)             Requested size: 352.81552pt x 171.43292pt.

LaTeX Warning: `h' float specifier changed to `ht'.

<sublatex/Opryrmi/media/image5.png, id=1598, 380.622pt x 225.2415pt>
File: sublatex/Opryrmi/media/image5.png Graphic file (type png)
<use sublatex/Opryrmi/media/image5.png>
Package pdftex.def Info: sublatex/Opryrmi/media/image5.png  used on input line 341.
(pdftex.def)             Requested size: 352.81552pt x 208.79878pt.


[63 <./sublatex/Opryrmi/media/image1.png>]

LaTeX Warning: `h' float specifier changed to `ht'.



[64 <./sublatex/Opryrmi/media/image2.png> <./sublatex/Opryrmi/media/image3.png>]
<sublatex/Opryrmi/media/image6.png, id=1611, 469.755pt x 204.765pt>
File: sublatex/Opryrmi/media/image6.png Graphic file (type png)
<use sublatex/Opryrmi/media/image6.png>
Package pdftex.def Info: sublatex/Opryrmi/media/image6.png  used on input line 368.
(pdftex.def)             Requested size: 469.75386pt x 204.76448pt.

Overfull \hbox (28.73613pt too wide) in paragraph at lines 368--369
 [][] 
 []


LaTeX Warning: `h' float specifier changed to `ht'.



[65 <./sublatex/Opryrmi/media/image4.png> <./sublatex/Opryrmi/media/image5.png>]

[66 <./sublatex/Opryrmi/media/image6.png>]

[67]
<sublatex/Opryrmi/media/image7.png, id=1628, 457.10776pt x 257.16075pt>
File: sublatex/Opryrmi/media/image7.png Graphic file (type png)
<use sublatex/Opryrmi/media/image7.png>
Package pdftex.def Info: sublatex/Opryrmi/media/image7.png  used on input line 455.
(pdftex.def)             Requested size: 457.10663pt x 257.16011pt.

Overfull \hbox (16.0889pt too wide) in paragraph at lines 455--456
 [][] 
 []



[68 <./sublatex/Opryrmi/media/image7.png>])

[69]
\openout2 = `sublatex/Gregoire/Gregoire.aux'.

 (./sublatex/Gregoire/Gregoire.tex
Chapter 7.


[70




]

[71]

[72]

[73]

[74]

[75]
LaTeX Font Info:    Trying to load font information for OML+ptm on input line 282.
 (c:/texlive/2024/texmf-dist/tex/latex/psnfss/omlptm.fd
File: omlptm.fd 
)
LaTeX Font Info:    Font shape `OML/ptm/m/n' in size <12> not available
(Font)              Font shape `OML/cmm/m/it' tried instead on input line 282.


[76]

[77]

[78]
<sublatex/Gregoire/img/img1.jpg, id=1699, 1003.75pt x 1505.625pt>
File: sublatex/Gregoire/img/img1.jpg Graphic file (type jpg)
<use sublatex/Gregoire/img/img1.jpg>
Package pdftex.def Info: sublatex/Gregoire/img/img1.jpg  used on input line 413.
(pdftex.def)             Requested size: 441.01773pt x 661.53513pt.

Overfull \vbox (11.70479pt too high) has occurred while \output is active []



[79 <./sublatex/Gregoire/img/img1.jpg>]

[80]
Underfull \hbox (badness 10000) in paragraph at lines 497--501

 []



[81])

[82]

[83]
\openout2 = `sublatex/hashem/ROS.aux'.

 (./sublatex/hashem/ROS.tex
Chapter 8.
<sublatex/hashem/img/ubuntu.png, id=1735, 2127.95pt x 1084.05pt>
File: sublatex/hashem/img/ubuntu.png Graphic file (type png)
<use sublatex/hashem/img/ubuntu.png>
Package pdftex.def Info: sublatex/hashem/img/ubuntu.png  used on input line 22.
(pdftex.def)             Requested size: 308.71106pt x 157.25766pt.


[84




]
Overfull \hbox (15.01227pt too wide) in paragraph at lines 38--46
|   []   |   []   |   []   |   []   |   [] \OT1/ptm/m/n/12 and |   []   |   []   |   []   |   []
 []



[85 <./sublatex/hashem/img/ubuntu.png (PNG copy)>]
<sublatex/hashem/img/filesystem.jpg, id=1746, 238.64984pt x 166.77692pt>
File: sublatex/hashem/img/filesystem.jpg Graphic file (type jpg)
<use sublatex/hashem/img/filesystem.jpg>
Package pdftex.def Info: sublatex/hashem/img/filesystem.jpg  used on input line 90.
(pdftex.def)             Requested size: 238.64925pt x 166.77649pt.


[86]
<sublatex/hashem/img/rosfile.jpg, id=1751, 119.44624pt x 134.5025pt>
File: sublatex/hashem/img/rosfile.jpg Graphic file (type jpg)
<use sublatex/hashem/img/rosfile.jpg>
Package pdftex.def Info: sublatex/hashem/img/rosfile.jpg  used on input line 122.
(pdftex.def)             Requested size: 119.44594pt x 134.50215pt.
<sublatex/hashem/img/rospkg.jpg, id=1752, 319.7162pt x 194.02924pt>
File: sublatex/hashem/img/rospkg.jpg Graphic file (type jpg)
<use sublatex/hashem/img/rospkg.jpg>
Package pdftex.def Info: sublatex/hashem/img/rospkg.jpg  used on input line 130.
(pdftex.def)             Requested size: 319.71541pt x 194.02875pt.


[87 <./sublatex/hashem/img/filesystem.jpg>]

[88 <./sublatex/hashem/img/rosfile.jpg> <./sublatex/hashem/img/rospkg.jpg>] (c:/texlive/2024/texmf-dist/tex/latex/listings/lstlang1.sty
File: lstlang1.sty 2024/05/25 1.10b listings language file
) (c:/texlive/2024/texmf-dist/tex/latex/listings/lstmisc.sty
File: lstmisc.sty 2024/05/25 1.10b (Carsten Heinz)
)
LaTeX Font Info:    Font shape `OT1/cmtt/bx/n' in size <10> not available
(Font)              Font shape `OT1/cmtt/m/n' tried instead on input line 184.


[89] (c:/texlive/2024/texmf-dist/tex/latex/listings/lstlang1.sty
File: lstlang1.sty 2024/05/25 1.10b listings language file
) (c:/texlive/2024/texmf-dist/tex/latex/listings/lstlang1.sty
File: lstlang1.sty 2024/05/25 1.10b listings language file
)
Underfull \hbox (badness 10000) in paragraph at lines 219--226

 []



[90]

[91]

[92]
<sublatex/hashem/img/rosgraph.jpg, id=1838, 292.12294pt x 211.48485pt>
File: sublatex/hashem/img/rosgraph.jpg Graphic file (type jpg)
<use sublatex/hashem/img/rosgraph.jpg>
Package pdftex.def Info: sublatex/hashem/img/rosgraph.jpg  used on input line 370.
(pdftex.def)             Requested size: 292.12221pt x 211.48433pt.


[93]

[94 <./sublatex/hashem/img/rosgraph.jpg>]
<sublatex/hashem/img/rqt_graph.jpg, id=1858, 392.59337pt x 154.95445pt>
File: sublatex/hashem/img/rqt_graph.jpg Graphic file (type jpg)
<use sublatex/hashem/img/rqt_graph.jpg>
Package pdftex.def Info: sublatex/hashem/img/rqt_graph.jpg  used on input line 411.
(pdftex.def)             Requested size: 392.5924pt x 154.95407pt.


[95 <./sublatex/hashem/img/rqt_graph.jpg>]

[96]
Overfull \hbox (20.50926pt too wide) in paragraph at lines 439--440
\OT1/ptm/m/n/12 std[]msgs/msg/String.msg when we are us-ing the roscpp client, we must in-clude std[]msgs/String.h
 []



[97]

[98]

[99]

[100]
<sublatex/hashem/img/helloWorld.jpg, id=1887, 362.0989pt x 259.68521pt>
File: sublatex/hashem/img/helloWorld.jpg Graphic file (type jpg)
<use sublatex/hashem/img/helloWorld.jpg>
Package pdftex.def Info: sublatex/hashem/img/helloWorld.jpg  used on input line 519.
(pdftex.def)             Requested size: 362.098pt x 259.68457pt.


[101 <./sublatex/hashem/img/helloWorld.jpg>]
Overfull \hbox (0.72815pt too wide) in paragraph at lines 568--569
\OT1/ptm/m/n/12 pa-ram-e-ters by us-ing the \OT1/ptm/b/n/12 dy-namic[]reconfigure \OT1/ptm/m/n/12 pack-age ([]$\OT1/cmtt/m/n/12 http : / / wiki . ros . org / dynamic _
 []



[102]

[103]
<sublatex/hashem/img/noetic.png, id=1902, 633.94737pt x 816.10158pt>
File: sublatex/hashem/img/noetic.png Graphic file (type png)
<use sublatex/hashem/img/noetic.png>
Package pdftex.def Info: sublatex/hashem/img/noetic.png  used on input line 606.
(pdftex.def)             Requested size: 73.74655pt x 94.92686pt.
<sublatex/hashem/img/noetic_c.png, id=1903, 45.16875pt x 45.16875pt>
File: sublatex/hashem/img/noetic_c.png Graphic file (type png)
<use sublatex/hashem/img/noetic_c.png>
Package pdftex.def Info: sublatex/hashem/img/noetic_c.png  used on input line 607.
(pdftex.def)             Requested size: 32.77832pt x 32.77853pt.
<sublatex/hashem/img/melodic_with_bg.png, id=1904, 510.2262pt x 507.3354pt>
File: sublatex/hashem/img/melodic_with_bg.png Graphic file (type png)
<use sublatex/hashem/img/melodic_with_bg.png>
Package pdftex.def Info: sublatex/hashem/img/melodic_with_bg.png  used on input line 611.
(pdftex.def)             Requested size: 73.74655pt x 73.32564pt.
<sublatex/hashem/img/melodic.png, id=1905, 45.16875pt x 45.16875pt>
File: sublatex/hashem/img/melodic.png Graphic file (type png)
<use sublatex/hashem/img/melodic.png>
Package pdftex.def Info: sublatex/hashem/img/melodic.png  used on input line 612.
(pdftex.def)             Requested size: 32.77832pt x 32.77853pt.
<sublatex/hashem/img/lunar_with_bg.png, id=1906, 3203.97pt x 3243.11626pt>
File: sublatex/hashem/img/lunar_with_bg.png Graphic file (type png)
<use sublatex/hashem/img/lunar_with_bg.png>
Package pdftex.def Info: sublatex/hashem/img/lunar_with_bg.png  used on input line 616.
(pdftex.def)             Requested size: 73.74655pt x 74.62474pt.
<sublatex/hashem/img/lunar.png, id=1907, 40.15pt x 45.16875pt>
File: sublatex/hashem/img/lunar.png Graphic file (type png)
<use sublatex/hashem/img/lunar.png>
Package pdftex.def Info: sublatex/hashem/img/lunar.png  used on input line 617.
(pdftex.def)             Requested size: 32.77832pt x 36.87663pt.
<sublatex/hashem/img/kinetic.png, id=1908, 2525.435pt x 2091.815pt>
File: sublatex/hashem/img/kinetic.png Graphic file (type png)
<use sublatex/hashem/img/kinetic.png>
Package pdftex.def Info: sublatex/hashem/img/kinetic.png  used on input line 621.
(pdftex.def)             Requested size: 73.74655pt x 61.06006pt.
<sublatex/hashem/img/kinetic (1).png, id=1909, 37.54286pt x 42.23572pt>
File: sublatex/hashem/img/kinetic (1).png Graphic file (type png)
<use sublatex/hashem/img/kinetic (1).png>
Package pdftex.def Info: sublatex/hashem/img/kinetic (1).png  used on input line 622.
(pdftex.def)             Requested size: 32.77832pt x 36.87881pt.


[104 <./sublatex/hashem/img/noetic.png> <./sublatex/hashem/img/noetic_c.png> <./sublatex/hashem/img/melodic_with_bg.png> <./sublatex/hashem/img/melodic.png> <./sublatex/hashem/img/lunar_with_bg.png> <./sublatex/hashem/img/lunar.png> <./sublatex/hashem/img/kinetic.png> <./sublatex/hashem/img/kinetic (1).png>]
<sublatex/hashem/img/roscore.jpg, id=1923, 311.58513pt x 200.01039pt>
File: sublatex/hashem/img/roscore.jpg Graphic file (type jpg)
<use sublatex/hashem/img/roscore.jpg>
Package pdftex.def Info: sublatex/hashem/img/roscore.jpg  used on input line 650.
(pdftex.def)             Requested size: 311.58435pt x 200.00989pt.


[105 <./sublatex/hashem/img/roscore.jpg>]
Overfull \hbox (3.27074pt too wide) in paragraph at lines 657--658
\OT1/ptm/m/n/12 played in the Ter-mi-nal. These pa-ram-e-ters are dis-played when it ex-e-cutes \OT1/cmtt/m/n/12 roscore.xml\OT1/ptm/m/n/12 .
 []


Overfull \hbox (4.93745pt too wide) in paragraph at lines 658--659
[]\OT1/ptm/m/n/12 In sec-tion 4, we can see that the \OT1/cmtt/m/n/12 rosmaster \OT1/ptm/m/n/12 node is be-ing started with \OT1/cmtt/m/n/12 ROS[]MASTER[]URI\OT1/ptm/m/n/12 ,
 []


Overfull \hbox (22.18654pt too wide) in paragraph at lines 679--680
[]\OT1/ptm/m/n/12 The \OT1/cmtt/m/n/12 rosversion \OT1/ptm/m/n/12 and \OT1/cmtt/m/n/12 rosdistro \OT1/ptm/m/n/12 pa-ram-e-ters store the out-put of the \OT1/cmtt/m/n/12 rosversion roslaunch
 []



[106]

[107])

[108]
\openout2 = `sublatex/parfait/simulation_environment.aux'.

 (./sublatex/parfait/simulation_environment.tex
Chapter 9.

Underfull \hbox (badness 10000) in paragraph at lines 13--19

 []



[109




]
<sublatex/parfait/fig/gazebo_logo.png, id=1974, 785.334pt x 383.834pt>
File: sublatex/parfait/fig/gazebo_logo.png Graphic file (type png)
<use sublatex/parfait/fig/gazebo_logo.png>
Package pdftex.def Info: sublatex/parfait/fig/gazebo_logo.png  used on input line 37.
(pdftex.def)             Requested size: 308.71106pt x 150.88359pt.


[110 <./sublatex/parfait/fig/gazebo_logo.png>]
Overfull \hbox (1.82626pt too wide) in paragraph at lines 47--52
\OT1/ptm/m/n/12 Gazebo em-ploys the Object-Oriented Graph-ics Ren-der-ing En-gine (OGRE) [[]18[]] for 3D graph-
 []

<sublatex/parfait/fig/gazebo_empty_world.png, id=1986, 1309.89375pt x 743.77875pt>
File: sublatex/parfait/fig/gazebo_empty_world.png Graphic file (type png)
<use sublatex/parfait/fig/gazebo_empty_world.png>
Package pdftex.def Info: sublatex/parfait/fig/gazebo_empty_world.png  used on input line 59.
(pdftex.def)             Requested size: 441.01773pt x 250.41866pt.


[111 <./sublatex/parfait/fig/gazebo_empty_world.png>]

[112]
<sublatex/parfait/fig/turtlebot3_waffle.png, id=2024, 1307.88625pt x 744.7825pt>
File: sublatex/parfait/fig/turtlebot3_waffle.png Graphic file (type png)
<use sublatex/parfait/fig/turtlebot3_waffle.png>
Package pdftex.def Info: sublatex/parfait/fig/turtlebot3_waffle.png  used on input line 119.
(pdftex.def)             Requested size: 441.01773pt x 251.13164pt.


[113 <./sublatex/parfait/fig/turtlebot3_waffle.png>]
<sublatex/parfait/fig/gui_left_tab.png, id=2031, 554.07pt x 710.655pt>
File: sublatex/parfait/fig/gui_left_tab.png Graphic file (type png)
<use sublatex/parfait/fig/gui_left_tab.png>
Package pdftex.def Info: sublatex/parfait/fig/gui_left_tab.png  used on input line 159.
(pdftex.def)             Requested size: 242.5611pt x 311.10599pt.


[114 <./sublatex/parfait/fig/gui_left_tab.png>]
<sublatex/parfait/fig/gui_lower_part.png, id=2038, 1207.51125pt x 164.615pt>
File: sublatex/parfait/fig/gui_lower_part.png Graphic file (type png)
<use sublatex/parfait/fig/gui_lower_part.png>
Package pdftex.def Info: sublatex/parfait/fig/gui_lower_part.png  used on input line 182.
(pdftex.def)             Requested size: 441.01773pt x 60.12039pt.
<sublatex/parfait/fig/gui_top_part.png, id=2040, 1275.76625pt x 271.0125pt>
File: sublatex/parfait/fig/gui_top_part.png Graphic file (type png)
<use sublatex/parfait/fig/gui_top_part.png>
Package pdftex.def Info: sublatex/parfait/fig/gui_top_part.png  used on input line 211.
(pdftex.def)             Requested size: 352.81552pt x 74.9484pt.


[115 <./sublatex/parfait/fig/gui_lower_part.png>]
<sublatex/parfait/fig/seesaw_example.png, id=2046, 1241.63875pt x 745.78625pt>
File: sublatex/parfait/fig/seesaw_example.png Graphic file (type png)
<use sublatex/parfait/fig/seesaw_example.png>
Package pdftex.def Info: sublatex/parfait/fig/seesaw_example.png  used on input line 237.
(pdftex.def)             Requested size: 264.61333pt x 158.92982pt.


[116 <./sublatex/parfait/fig/gui_top_part.png> <./sublatex/parfait/fig/seesaw_example.png>]
<sublatex/parfait/fig/rviz_logo.png, id=2054, 401.5pt x 260.975pt>
File: sublatex/parfait/fig/rviz_logo.png Graphic file (type png)
<use sublatex/parfait/fig/rviz_logo.png>
Package pdftex.def Info: sublatex/parfait/fig/rviz_logo.png  used on input line 253.
(pdftex.def)             Requested size: 286.65883pt x 186.34085pt.


[117 <./sublatex/parfait/fig/rviz_logo.png>]
<sublatex/parfait/fig/competition_area_layout_teknofest.png, id=2061, 473.77pt x 398.48875pt>
File: sublatex/parfait/fig/competition_area_layout_teknofest.png Graphic file (type png)
<use sublatex/parfait/fig/competition_area_layout_teknofest.png>
Package pdftex.def Info: sublatex/parfait/fig/competition_area_layout_teknofest.png  used on input line 300.
(pdftex.def)             Requested size: 308.71106pt x 259.66522pt.


[118]

[119 <./sublatex/parfait/fig/competition_area_layout_teknofest.png>]
<sublatex/parfait/fig/white_floor.png, id=2075, 1306.8825pt x 743.77875pt>
File: sublatex/parfait/fig/white_floor.png Graphic file (type png)
<use sublatex/parfait/fig/white_floor.png>
Package pdftex.def Info: sublatex/parfait/fig/white_floor.png  used on input line 342.
(pdftex.def)             Requested size: 441.01773pt x 250.98611pt.


[120 <./sublatex/parfait/fig/white_floor.png>]
<sublatex/parfait/fig/qr_code_tag.png, id=2082, 940.51375pt x 529.98pt>
File: sublatex/parfait/fig/qr_code_tag.png Graphic file (type png)
<use sublatex/parfait/fig/qr_code_tag.png>
Package pdftex.def Info: sublatex/parfait/fig/qr_code_tag.png  used on input line 389.
(pdftex.def)             Requested size: 441.01773pt x 248.51645pt.


[121]

[122 <./sublatex/parfait/fig/qr_code_tag.png>]

[123]
<sublatex/parfait/fig/walls.png, id=2168, 1309.89375pt x 735.74875pt>
File: sublatex/parfait/fig/walls.png Graphic file (type png)
<use sublatex/parfait/fig/walls.png>
Package pdftex.def Info: sublatex/parfait/fig/walls.png  used on input line 465.
(pdftex.def)             Requested size: 441.01773pt x 247.71509pt.
<sublatex/parfait/fig/load.png, id=2169, 1309.89375pt x 739.76375pt>
File: sublatex/parfait/fig/load.png Graphic file (type png)
<use sublatex/parfait/fig/load.png>
Package pdftex.def Info: sublatex/parfait/fig/load.png  used on input line 472.
(pdftex.def)             Requested size: 441.01773pt x 249.06688pt.


[124 <./sublatex/parfait/fig/walls.png> <./sublatex/parfait/fig/load.png>]

[125]

[126]

[127]

[128]

[129]

[130]

[131]

[132]

[133]

[134]
<sublatex/parfait/fig/intersection_zone_c_station_2.png, id=2553, 1003.75pt x 1003.75pt>
File: sublatex/parfait/fig/intersection_zone_c_station_2.png Graphic file (type png)
<use sublatex/parfait/fig/intersection_zone_c_station_2.png>
Package pdftex.def Info: sublatex/parfait/fig/intersection_zone_c_station_2.png  used on input line 944.
(pdftex.def)             Requested size: 176.40439pt x 176.39404pt.


[135]
<sublatex/parfait/fig/competition_area_no_light.png, id=2598, 962.59625pt x 542.025pt>
File: sublatex/parfait/fig/competition_area_no_light.png Graphic file (type png)
<use sublatex/parfait/fig/competition_area_no_light.png>
Package pdftex.def Info: sublatex/parfait/fig/competition_area_no_light.png  used on input line 966.
(pdftex.def)             Requested size: 441.01773pt x 248.3255pt.


[136 <./sublatex/parfait/fig/intersection_zone_c_station_2.png>]
<sublatex/parfait/fig/competition_area_light.png, id=2606, 931.48pt x 523.9575pt>
File: sublatex/parfait/fig/competition_area_light.png Graphic file (type png)
<use sublatex/parfait/fig/competition_area_light.png>
Package pdftex.def Info: sublatex/parfait/fig/competition_area_light.png  used on input line 979.
(pdftex.def)             Requested size: 441.01773pt x 248.06691pt.


[137 <./sublatex/parfait/fig/competition_area_no_light.png> <./sublatex/parfait/fig/competition_area_light.png>])

[138]

[139



]
\openout2 = `sublatex/hashem/urdf.aux'.

 (./sublatex/hashem/urdf.tex
Chapter 10.

Underfull \hbox (badness 10000) in paragraph at lines 13--21

 []

<sublatex/hashem/img/link1.jpg, id=2623, 187.33145pt x 126.78947pt>
File: sublatex/hashem/img/link1.jpg Graphic file (type jpg)
<use sublatex/hashem/img/link1.jpg>
Package pdftex.def Info: sublatex/hashem/img/link1.jpg  used on input line 34.
(pdftex.def)             Requested size: 187.33098pt x 126.78915pt.

LaTeX Warning: `h' float specifier changed to `ht'.


Underfull \hbox (badness 10000) in paragraph at lines 39--45

 []



[140


]
<sublatex/hashem/img/joint1.jpg, id=2636, 281.65942pt x 268.43143pt>
File: sublatex/hashem/img/joint1.jpg Graphic file (type jpg)
<use sublatex/hashem/img/joint1.jpg>
Package pdftex.def Info: sublatex/hashem/img/joint1.jpg  used on input line 60.
(pdftex.def)             Requested size: 281.65872pt x 268.43077pt.

Underfull \hbox (badness 10000) in paragraph at lines 65--70

 []



[141 <./sublatex/hashem/img/link1.jpg>]
<sublatex/hashem/img/robot1.jpg, id=2658, 272.12778pt x 334.58333pt>
File: sublatex/hashem/img/robot1.jpg Graphic file (type jpg)
<use sublatex/hashem/img/robot1.jpg>
Package pdftex.def Info: sublatex/hashem/img/robot1.jpg  used on input line 83.
(pdftex.def)             Requested size: 272.1271pt x 334.5825pt.

Underfull \hbox (badness 10000) in paragraph at lines 88--93

 []



[142 <./sublatex/hashem/img/joint1.jpg>]

[143 <./sublatex/hashem/img/robot1.jpg>]
Overfull \hbox (4.03505pt too wide) in paragraph at lines 164--170
\OT1/ptm/m/n/12 the ac-tu-a-tor (mo-tor mo-tor[]1). It uses the Sim-ple-Trans-mis-sion type. [][][][][]:
 []



[144]

[145]

[146]
Overfull \hbox (16.2351pt too wide) in paragraph at lines 290--292
[]\OT1/ptm/m/n/12 Here, the value 0.9, is re-placed with "base[]length", and "0.85" is re-placed with "base[]width". 
 []



[147]
LaTeX Font Info:    Trying to load font information for OMS+ptm on input line 322.
 (c:/texlive/2024/texmf-dist/tex/latex/psnfss/omsptm.fd
File: omsptm.fd 
)
LaTeX Font Info:    Font shape `OMS/ptm/m/n' in size <12> not available
(Font)              Font shape `OMS/cmsy/m/n' tried instead on input line 322.


[148]
Overfull \hbox (0.44032pt too wide) in paragraph at lines 358--359
[]\OT1/ptm/m/n/12 The \OT1/cmtt/m/n/12 <node> \OT1/ptm/m/n/12 tag launches the \OT1/cmtt/m/n/12 robot[]state[]publisher \OT1/ptm/m/n/12 node. This node reads the robot's
 []


Overfull \hbox (3.75555pt too wide) in paragraph at lines 360--361
\OT1/ptm/m/n/12 3D en-vi-ron-ment. The \OT1/cmtt/m/n/12 args \OT1/ptm/m/n/12 at-tribute spec-i-fies a pre-configured RViz setup file (\OT1/cmtt/m/n/12 config.rviz\OT1/ptm/m/n/12 )
 []

File: sublatex/hashem/img/robot1.jpg Graphic file (type jpg)
<use sublatex/hashem/img/robot1.jpg>
Package pdftex.def Info: sublatex/hashem/img/robot1.jpg  used on input line 374.
(pdftex.def)             Requested size: 272.1271pt x 334.5825pt.


[149]

[150]
File: sublatex/hashem/img/link1.jpg Graphic file (type jpg)
<use sublatex/hashem/img/link1.jpg>
Package pdftex.def Info: sublatex/hashem/img/link1.jpg  used on input line 416.
(pdftex.def)             Requested size: 187.33098pt x 126.78915pt.
)

[151]
\openout2 = `sublatex/felly/felly.aux'.

 (./sublatex/felly/felly.tex
Chapter 11.


[152




]

[153]
Overfull \hbox (15.79019pt too wide) in paragraph at lines 171--173
[]\OT1/ptm/m/n/12 The \OT1/ptm/b/n/12 PID (Proportional-Integral-Derivative) \OT1/ptm/m/n/12 con-troller is com-monly used in line-following
 []



[154]

[155]
Chapter 12.


[156

]

[157]
Overfull \hbox (3.43253pt too wide) in paragraph at lines 345--353
\OT1/ptm/m/n/12 Fil-ters, Graph-SLAM, or par-ti-cle fil-ters) are com-pu-ta-tion-ally ex-pen-sive, es-pe-cially when
 []



[158]

[159])

[160]
Chapter 13.
(./outro.tex
LaTeX Font Info:    Trying to load font information for U+fontawesomeone on input line 10.
 (c:/texlive/2024/texmf-dist/tex/latex/fontawesome/ufontawesomeone.fd
File: ufontawesomeone.fd 2016/05/22 Font definitions for U/fontawesomeone.
)
<compont/rasp.png, id=2867, 177.66376pt x 120.45pt>
File: compont/rasp.png Graphic file (type png)
<use compont/rasp.png>
Package pdftex.def Info: compont/rasp.png  used on input line 10.
(pdftex.def)             Requested size: 85.35895pt x 56.90556pt.

Underfull \hbox (badness 10000) in paragraph at lines 11--11
[]|\OT1/ptm/m/n/12 ESP32-S3-DevKitC-1-N8R8
 []

<compont/esp32.png, id=2869, 167.62625pt x 117.43875pt>
File: compont/esp32.png Graphic file (type png)
<use compont/esp32.png>
Package pdftex.def Info: compont/esp32.png  used on input line 11.
(pdftex.def)             Requested size: 71.1315pt x 56.90575pt.

Underfull \hbox (badness 10000) in paragraph at lines 12--12
\OT1/ptm/m/n/12 V4.1 0-8.0A 24-48VDC
 []

<compont/Clsd-Lood-Drive.png, id=2871, 163.61125pt x 128.48pt>
File: compont/Clsd-Lood-Drive.png Graphic file (type png)
<use compont/Clsd-Lood-Drive.png>
Package pdftex.def Info: compont/Clsd-Lood-Drive.png  used on input line 12.
(pdftex.def)             Requested size: 71.13037pt x 56.9058pt.
<compont/Ws120.png, id=2873, 169.63374pt x 114.4275pt>
File: compont/Ws120.png Graphic file (type png)
<use compont/Ws120.png>
Package pdftex.def Info: compont/Ws120.png  used on input line 13.
(pdftex.def)             Requested size: 71.13179pt x 56.90456pt.
<compont/Ws50.png, id=2875, 125.46875pt x 115.43124pt>
File: compont/Ws50.png Graphic file (type png)
<use compont/Ws50.png>
Package pdftex.def Info: compont/Ws50.png  used on input line 14.
(pdftex.def)             Requested size: 71.13501pt x 56.90526pt.
<compont/Loadeh711.png, id=2877, 199.74625pt x 126.4725pt>
File: compont/Loadeh711.png Graphic file (type png)
<use compont/Loadeh711.png>
Package pdftex.def Info: compont/Loadeh711.png  used on input line 15.
(pdftex.def)             Requested size: 71.13138pt x 56.9063pt.

Underfull \hbox (badness 1478) in paragraph at lines 16--16
[]|\OT1/ptm/m/n/12 BTS7960B 40 Amp Mo-tor
 []

<compont/BTS-Driver.png, id=2879, 135.50626pt x 126.4725pt>
File: compont/BTS-Driver.png Graphic file (type png)
<use compont/BTS-Driver.png>
Package pdftex.def Info: compont/BTS-Driver.png  used on input line 16.
(pdftex.def)             Requested size: 71.13356pt x 56.9063pt.

Underfull \hbox (badness 10000) in paragraph at lines 17--17
[]|\OT1/ptm/m/n/12 Barcode Scan-ner Mod-ule
 []

<compont/barcode.png, id=2881, 140.525pt x 114.4275pt>
File: compont/barcode.png Graphic file (type png)
<use compont/barcode.png>
Package pdftex.def Info: compont/barcode.png  used on input line 17.
(pdftex.def)             Requested size: 71.13072pt x 56.90456pt.

Underfull \hbox (badness 10000) in paragraph at lines 18--18
[]|\OT1/ptm/m/n/12 QTRXL-MD-01A Re-
 []

<compont/QTRX.png, id=2883, 136.51pt x 117.43875pt>
File: compont/QTRX.png Graphic file (type png)
<use compont/QTRX.png>
Package pdftex.def Info: compont/QTRX.png  used on input line 18.
(pdftex.def)             Requested size: 71.13141pt x 56.90575pt.
<compont/Husky.png, id=2885, 169.63374pt x 119.44624pt>
File: compont/Husky.png Graphic file (type png)
<use compont/Husky.png>
Package pdftex.def Info: compont/Husky.png  used on input line 19.
(pdftex.def)             Requested size: 71.13179pt x 56.90523pt.

Underfull \hbox (badness 10000) in paragraph at lines 20--20
[]|\OT1/ptm/m/n/12 IMU Sen-sor / 9 Axis
 []


Underfull \hbox (badness 2261) in paragraph at lines 20--20
\OT1/ptm/m/n/12 MPU9255 IMU and Baro-
 []

<compont/IMU.png, id=2887, 146.5475pt x 124.465pt>
File: compont/IMU.png Graphic file (type png)
<use compont/IMU.png>
Package pdftex.def Info: compont/IMU.png  used on input line 20.
(pdftex.def)             Requested size: 71.13133pt x 56.90704pt.
<compont/LIDAR.png, id=2889, 126.4725pt x 118.4425pt>
File: compont/LIDAR.png Graphic file (type png)
<use compont/LIDAR.png>
Package pdftex.def Info: compont/LIDAR.png  used on input line 21.
(pdftex.def)             Requested size: 71.13287pt x 56.90416pt.
<compont/voltageShifter.png, id=2891, 141.52875pt x 112.42pt>
File: compont/voltageShifter.png Graphic file (type png)
<use compont/voltageShifter.png>
Package pdftex.def Info: compont/voltageShifter.png  used on input line 22.
(pdftex.def)             Requested size: 71.13347pt x 56.9063pt.
<compont/TOF.png, id=2893, 146.5475pt x 113.42375pt>
File: compont/TOF.png Graphic file (type png)
<use compont/TOF.png>
Package pdftex.def Info: compont/TOF.png  used on input line 23.
(pdftex.def)             Requested size: 71.13133pt x 56.90556pt.
<compont/UV-soldir.png, id=2895, 200.75pt x 131.49126pt>
File: compont/UV-soldir.png Graphic file (type png)
<use compont/UV-soldir.png>
Package pdftex.def Info: compont/UV-soldir.png  used on input line 24.
(pdftex.def)             Requested size: 71.13348pt x 56.90529pt.

Underfull \hbox (badness 10000) in paragraph at lines 25--25
[]|\OT1/ptm/m/n/12 LM2596HV/LM2576 Volt-
 []


Underfull \hbox (badness 1789) in paragraph at lines 25--25
\OT1/ptm/m/n/12 age Reg-u-la-tor for Mul-ti-ple
 []

<compont/5vregulator.png, id=2897, 119.44624pt x 112.42pt>
File: compont/5vregulator.png Graphic file (type png)
<use compont/5vregulator.png>
Package pdftex.def Info: compont/5vregulator.png  used on input line 25.
(pdftex.def)             Requested size: 71.13062pt x 56.9063pt.
<compont/heatSinc.png, id=2899, 182.6825pt x 117.43875pt>
File: compont/heatSinc.png Graphic file (type png)
<use compont/heatSinc.png>
Package pdftex.def Info: compont/heatSinc.png  used on input line 26.
(pdftex.def)             Requested size: 71.13159pt x 56.90575pt.
<compont/relay.png, id=2901, 132.495pt x 121.45375pt>
File: compont/relay.png Graphic file (type png)
<use compont/relay.png>
Package pdftex.def Info: compont/relay.png  used on input line 27.
(pdftex.def)             Requested size: 71.13177pt x 56.90535pt.

Underfull \hbox (badness 2229) in paragraph at lines 28--28
[]|\OT1/ptm/m/n/12 P Se-ries Nema 23 Closed
 []


Underfull \hbox (badness 10000) in paragraph at lines 28--28
\OT1/ptm/m/n/12 Loop Step-per Mo-tor
 []


Underfull \hbox (badness 10000) in paragraph at lines 28--28
\OT1/ptm/m/n/12 2Nm(283.28oz.in) with
 []

<compont/mainMotor.png, id=2903, 153.57375pt x 131.49126pt>
File: compont/mainMotor.png Graphic file (type png)
<use compont/mainMotor.png>
Package pdftex.def Info: compont/mainMotor.png  used on input line 28.
(pdftex.def)             Requested size: 71.13219pt x 56.90529pt.

Underfull \hbox (badness 2384) in paragraph at lines 29--29
[]|\OT1/ptm/m/n/12 EG Se-ries Plan-e-tary Gear-
 []


Underfull \hbox (badness 1721) in paragraph at lines 29--29
\OT1/ptm/m/n/12 20arc-min for 10mm Shaft
 []

<compont/gearBox.png, id=2905, 133.49875pt x 123.46124pt>
File: compont/gearBox.png Graphic file (type png)
<use compont/gearBox.png>
Package pdftex.def Info: compont/gearBox.png  used on input line 29.
(pdftex.def)             Requested size: 71.1349pt x 56.90588pt.
<compont/11to8Adaptor.png, id=2907, 98.3675pt x 123.46124pt>
File: compont/11to8Adaptor.png Graphic file (type png)
<use compont/11to8Adaptor.png>
Package pdftex.def Info: compont/11to8Adaptor.png  used on input line 30.
(pdftex.def)             Requested size: 71.13072pt x 56.90588pt.

Underfull \hbox (badness 10000) in paragraph at lines 31--31
[]|\OT1/ptm/m/n/12 Single Out-put Shaft for
 []

<compont/Worm-GearBox.png, id=2909, 136.51pt x 104.39pt>
File: compont/Worm-GearBox.png Graphic file (type png)
<use compont/Worm-GearBox.png>
Package pdftex.def Info: compont/Worm-GearBox.png  used on input line 31.
(pdftex.def)             Requested size: 71.13141pt x 56.90654pt.

Underfull \hbox (badness 10000) in paragraph at lines 32--32
[]|\OT1/ptm/m/n/12 Double Out-put Shaft for
 []

File: compont/Worm-GearBox.png Graphic file (type png)
<use compont/Worm-GearBox.png>
Package pdftex.def Info: compont/Worm-GearBox.png  used on input line 32.
(pdftex.def)             Requested size: 71.13141pt x 56.90654pt.
<compont/Damper.png, id=2912, 118.4425pt x 114.4275pt>
File: compont/Damper.png Graphic file (type png)
<use compont/Damper.png>
Package pdftex.def Info: compont/Damper.png  used on input line 33.
(pdftex.def)             Requested size: 71.1329pt x 56.90456pt.
<compont/bracket-motor.png, id=2914, 115.43124pt x 111.41624pt>
File: compont/bracket-motor.png Graphic file (type png)
<use compont/bracket-motor.png>
Package pdftex.def Info: compont/bracket-motor.png  used on input line 34.
(pdftex.def)             Requested size: 71.13158pt x 56.90483pt.
<compont/Flang.png, id=2916, 159.59625pt x 126.4725pt>
File: compont/Flang.png Graphic file (type png)
<use compont/Flang.png>
Package pdftex.def Info: compont/Flang.png  used on input line 35.
(pdftex.def)             Requested size: 71.13089pt x 56.9063pt.
<compont/motor-cable.png, id=2918, 132.495pt x 122.4575pt>
File: compont/motor-cable.png Graphic file (type png)
<use compont/motor-cable.png>
Package pdftex.def Info: compont/motor-cable.png  used on input line 36.
(pdftex.def)             Requested size: 71.13177pt x 56.90477pt.
<compont/TP-link.png, id=2920, 79.29625pt x 87.32625pt>
File: compont/TP-link.png Graphic file (type png)
<use compont/TP-link.png>
Package pdftex.def Info: compont/TP-link.png  used on input line 37.
(pdftex.def)             Requested size: 71.13725pt x 56.90662pt.
<compont/raspb-LCD.png, id=2922, 176.66pt x 120.45pt>
File: compont/raspb-LCD.png Graphic file (type png)
<use compont/raspb-LCD.png>
Package pdftex.def Info: compont/raspb-LCD.png  used on input line 38.
(pdftex.def)             Requested size: 71.13177pt x 56.90556pt.

Underfull \hbox (badness 10000) in paragraph at lines 39--39
[]|\OT1/ptm/m/n/12 Nema 8R 5W 87dB
 []

<compont/speaker.png, id=2924, 142.5325pt x 126.4725pt>
File: compont/speaker.png Graphic file (type png)
<use compont/speaker.png>
Package pdftex.def Info: compont/speaker.png  used on input line 39.
(pdftex.def)             Requested size: 71.13123pt x 56.9063pt.

Underfull \hbox (badness 2253) in paragraph at lines 40--40
[]|\OT1/ptm/m/n/12 Nema RS232 to Blue-tooth
 []

<compont/BLU-Adaptor.png, id=2926, 186.6975pt x 133.49875pt>
File: compont/BLU-Adaptor.png Graphic file (type png)
<use compont/BLU-Adaptor.png>
Package pdftex.def Info: compont/BLU-Adaptor.png  used on input line 40.
(pdftex.def)             Requested size: 71.13095pt x 56.9063pt.
<compont/battery.png, id=2928, 143.53625pt x 126.4725pt>
File: compont/battery.png Graphic file (type png)
<use compont/battery.png>
Package pdftex.def Info: compont/battery.png  used on input line 41.
(pdftex.def)             Requested size: 71.13278pt x 56.9063pt.

Underfull \hbox (badness 10000) in paragraph at lines 42--42
[]|\OT1/ptm/m/n/12 Battery Charg-ers 6V/2A
 []


Underfull \hbox (badness 10000) in paragraph at lines 42--42
\OT1/ptm/m/n/12 12V/2A Full Au-to-matic
 []

<compont/charger.png, id=2930, 136.51pt x 133.49875pt>
File: compont/charger.png Graphic file (type png)
<use compont/charger.png>
Package pdftex.def Info: compont/charger.png  used on input line 42.
(pdftex.def)             Requested size: 71.13141pt x 56.9063pt.
<compont/EX1.png, id=2932, 139.52126pt x 113.42375pt>
File: compont/EX1.png Graphic file (type png)
<use compont/EX1.png>
Package pdftex.def Info: compont/EX1.png  used on input line 43.
(pdftex.def)             Requested size: 71.13359pt x 56.90556pt.
<compont/EX2.png, id=2934, 193.72375pt x 117.43875pt>
File: compont/EX2.png Graphic file (type png)
<use compont/EX2.png>
Package pdftex.def Info: compont/EX2.png  used on input line 44.
(pdftex.def)             Requested size: 71.13275pt x 56.90575pt.
<compont/LinearAC.png, id=2936, 142.5325pt x 116.435pt>
File: compont/LinearAC.png Graphic file (type png)
<use compont/LinearAC.png>
Package pdftex.def Info: compont/LinearAC.png  used on input line 45.
(pdftex.def)             Requested size: 71.13123pt x 56.9044pt.
<compont/150W.png, id=2938, 151.56625pt x 128.48pt>
File: compont/150W.png Graphic file (type png)
<use compont/150W.png>
Package pdftex.def Info: compont/150W.png  used on input line 46.
(pdftex.def)             Requested size: 71.13206pt x 56.9058pt.

Underfull \hbox (badness 7133) in paragraph at lines 47--47
[]|\OT1/ptm/m/n/12 Motorobit DC-DC 1500W
 []

<compont/1500W.png, id=2940, 127.47626pt x 128.48pt>
File: compont/1500W.png Graphic file (type png)
<use compont/1500W.png>
Package pdftex.def Info: compont/1500W.png  used on input line 47.
(pdftex.def)             Requested size: 71.13528pt x 56.9058pt.
<compont/multiplexer.png, id=2942, 124.96687pt x 93.34875pt>
File: compont/multiplexer.png Graphic file (type png)
<use compont/multiplexer.png>
Package pdftex.def Info: compont/multiplexer.png  used on input line 48.
(pdftex.def)             Requested size: 71.1346pt x 56.90561pt.
<compont/LimitSW.png, id=2944, 139.52126pt x 121.45375pt>
File: compont/LimitSW.png Graphic file (type png)
<use compont/LimitSW.png>
Package pdftex.def Info: compont/LimitSW.png  used on input line 49.
(pdftex.def)             Requested size: 71.13359pt x 56.90535pt.

Underfull \hbox (badness 1147) in paragraph at lines 50--50
[]|\OT1/ptm/m/n/12 Drn956 16mm Acil - Stop
 []

<compont/stopeSW.png, id=2946, 143.53625pt x 138.5175pt>
File: compont/stopeSW.png Graphic file (type png)
<use compont/stopeSW.png>
Package pdftex.def Info: compont/stopeSW.png  used on input line 50.
(pdftex.def)             Requested size: 71.13278pt x 56.90456pt.
[161



{c:/texlive/2024/texmf-dist/fonts/enc/dvips/fontawesome/fontawesomeone.enc} <./compont/rasp.png> <./compont/esp32.png> <./compont/Clsd-Lood-Drive.png> <./compont/Ws120.png> <./compont/Ws50.png> <./compont/Loadeh711.png>] [162 <./compont/BTS-Driver.png> <./compont/barcode.png> <./compont/QTRX.png> <./compont/Husky.png> <./compont/IMU.png> <./compont/LIDAR.png> <./compont/voltageShifter.png> <./compont/TOF.png> <./compont/UV-soldir.png> <./compont/5vregulator.png>] [163 <./compont/heatSinc.png> <./compont/relay.png> <./compont/mainMotor.png> <./compont/gearBox.png> <./compont/11to8Adaptor.png> <./compont/Worm-GearBox.png> <./compont/Damper.png> <./compont/bracket-motor.png> <./compont/Flang.png>] [164 <./compont/motor-cable.png> <./compont/TP-link.png> <./compont/raspb-LCD.png> <./compont/speaker.png> <./compont/BLU-Adaptor.png> <./compont/battery.png> <./compont/charger.png> <./compont/EX1.png> <./compont/EX2.png> <./compont/LinearAC.png>])

[165 <./compont/150W.png> <./compont/1500W.png> <./compont/multiplexer.png> <./compont/LimitSW.png> <./compont/stopeSW.png>] (./sublatex/Gregoire/appendGregoire.tex) (./main.bbl

[166

]
Underfull \hbox (badness 10000) in paragraph at lines 31--33
[]\OT1/ptm/m/n/12 M. P. Groover, |   []   |   []   |   []   |   []   |   []
 []



[167

]
Underfull \hbox (badness 6396) in paragraph at lines 52--54
[]\OT1/ptm/m/n/12 R.-T. P. Sim-u-la-tion, ``Bul-let physics li-brary.'' []$\OT1/cmtt/m/n/12 http : / / bulletphysics . org /
 []

)

[168] (./main.aux (./sublatex/parfait/ECI.aux) (./sublatex/Boima/Boima.aux) (./sublatex/Opryrmi/Opryrmi.aux) (./sublatex/Gregoire/Gregoire.aux) (./sublatex/hashem/ROS.aux) (./sublatex/parfait/simulation_environment.aux) (./sublatex/hashem/urdf.aux) (./sublatex/felly/felly.aux))
 ***********
LaTeX2e <2024-06-01> patch level 1
L3 programming layer <2024-05-27>
 ***********
Package rerunfilecheck Info: File `main.out' has not changed.
(rerunfilecheck)             Checksum: 4CC8F1E255560762387B7D0DF384E4E8;32529.
 ) 
Here is how much of TeX's memory you used:
 38024 strings out of 473600
 695943 string characters out of 5732737
 2154908 words of memory out of 5000000
 58858 multiletter control sequences out of 15000+600000
 599630 words of font info for 114 fonts, out of 8000000 for 9000
 1141 hyphenation exceptions out of 8191
 118i,16n,145p,2782b,2548s stack positions out of 10000i,1000n,20000p,200000b,200000s
<c:/texlive/2024/texmf-dist/fonts/type1/public/fontawesome/FontAwesome.pfb><c:/texlive/2024/texmf-dist/fonts/type1/public/amsfonts/cm/cmex10.pfb><c:/texlive/2024/texmf-dist/fonts/type1/public/amsfonts/cm/cmmi10.pfb><c:/texlive/2024/texmf-dist/fonts/type1/public/amsfonts/cm/cmmi12.pfb><c:/texlive/2024/texmf-dist/fonts/type1/public/amsfonts/cm/cmr10.pfb><c:/texlive/2024/texmf-dist/fonts/type1/public/amsfonts/cm/cmsy10.pfb><c:/texlive/2024/texmf-dist/fonts/type1/public/amsfonts/cm/cmtt10.pfb><c:/texlive/2024/texmf-dist/fonts/type1/public/amsfonts/cm/cmtt12.pfb><c:/texlive/2024/texmf-dist/fonts/type1/public/cm-super/sftt1000.pfb><c:/texlive/2024/texmf-dist/fonts/type1/public/cm-super/sftt1200.pfb><c:/texlive/2024/texmf-dist/fonts/type1/urw/helvetic/uhvr8a.pfb><c:/texlive/2024/texmf-dist/fonts/type1/urw/symbol/usyr.pfb><c:/texlive/2024/texmf-dist/fonts/type1/urw/symbol/usyr.pfb><c:/texlive/2024/texmf-dist/fonts/type1/urw/times/utmb8a.pfb><c:/texlive/2024/texmf-dist/fonts/type1/urw/times/utmr8a.pfb><c:/texlive/2024/texmf-dist/fonts/type1/urw/times/utmri8a.pfb>
Output written on main.pdf (183 pages, 10141834 bytes).
PDF statistics:
 3407 PDF objects out of 3580 (max. 8388607)
 2913 compressed objects within 30 object streams
 1258 named destinations out of 1440 (max. 500000)
 2304 words of extra memory for PDF output out of 10000 (max. 10000000)

