\BOOKMARK [-1][-]{part.1}{\376\377\000I\000\040\000I\000N\000T\000R\000O\000D\000U\000C\000T\000I\000O\000N}{}% 1
\BOOKMARK [0][-]{chapter.1}{\376\377\000i\000n\000t\000r\000o\000d\000u\000c\000t\000i\000o\000n}{part.1}% 2
\BOOKMARK [-1][-]{part.2}{\376\377\000I\000I\000\040\000L\000I\000T\000E\000R\000A\000T\000U\000R\000E\000\040\000S\000U\000R\000V\000E\000Y}{}% 3
\BOOKMARK [0][-]{chapter.2}{\376\377\000T\000h\000e\000o\000r\000y\000\040\000o\000f\000\040\000A\000G\000V\000\040\000D\000e\000s\000i\000g\000n}{part.2}% 4
\BOOKMARK [-1][-]{part.3}{\376\377\000I\000I\000I\000\040\000R\000E\000A\000L\000I\000S\000T\000I\000C\000\040\000C\000O\000N\000S\000T\000R\000A\000I\000N\000T\000S}{}% 5
\BOOKMARK [0][-]{chapter.3}{\376\377\000E\000l\000e\000c\000t\000r\000i\000c\000a\000l\000\040\000S\000y\000s\000t\000e\000m\000\040\000D\000e\000s\000i\000g\000n}{part.3}% 6
\BOOKMARK [1][-]{section.3.1}{\376\377\000P\000o\000w\000e\000r\000\040\000S\000u\000p\000p\000l\000y\000\040\000a\000n\000d\000\040\000D\000i\000s\000t\000r\000i\000b\000u\000t\000i\000o\000n}{chapter.3}% 7
\BOOKMARK [2][-]{subsection.3.1.1}{\376\377\000B\000a\000t\000t\000e\000r\000y\000\040\000S\000y\000s\000t\000e\000m}{section.3.1}% 8
\BOOKMARK [2][-]{subsection.3.1.2}{\376\377\000B\000a\000t\000t\000e\000r\000y\000\040\000M\000a\000n\000a\000g\000e\000m\000e\000n\000t\000\040\000S\000y\000s\000t\000e\000m\000\040\000\050\000B\000M\000S\000\051}{section.3.1}% 9
\BOOKMARK [2][-]{subsection.3.1.3}{\376\377\000V\000o\000l\000t\000a\000g\000e\000\040\000R\000e\000g\000u\000l\000a\000t\000i\000o\000n\000\040\000a\000n\000d\000\040\000P\000o\000w\000e\000r\000\040\000D\000i\000s\000t\000r\000i\000b\000u\000t\000i\000o\000n}{section.3.1}% 10
\BOOKMARK [2][-]{subsection.3.1.4}{\376\377\000K\000e\000y\000\040\000C\000o\000n\000s\000i\000d\000e\000r\000a\000t\000i\000o\000n\000s}{section.3.1}% 11
\BOOKMARK [1][-]{section.3.2}{\376\377\000M\000o\000t\000o\000r\000\040\000C\000o\000n\000t\000r\000o\000l\000\040\000S\000y\000s\000t\000e\000m}{chapter.3}% 12
\BOOKMARK [2][-]{subsection.3.2.1}{\376\377\000M\000o\000t\000o\000r\000s\000\040\000a\000n\000d\000\040\000a\000c\000t\000u\000a\000t\000o\000r\000s}{section.3.2}% 13
\BOOKMARK [1][-]{section.3.3}{\376\377\000S\000e\000n\000s\000o\000r\000s}{chapter.3}% 14
\BOOKMARK [2][-]{subsection.3.3.1}{\376\377\000V\000L\0005\0003\000L\0000\000X\000\040\000\050\000T\000i\000m\000e\000-\000o\000f\000-\000F\000l\000i\000g\000h\000t\000\040\000D\000i\000s\000t\000a\000n\000c\000e\000\040\000S\000e\000n\000s\000o\000r\000\051}{section.3.3}% 15
\BOOKMARK [2][-]{subsection.3.3.2}{\376\377\000W\000e\000i\000g\000h\000t\000\040\000S\000e\000n\000s\000o\000r\000\040\000-\000\040\000L\000o\000a\000d\000\040\000S\000e\000n\000s\000o\000r\000\040\0005\0000\000K\000g}{section.3.3}% 16
\BOOKMARK [2][-]{subsection.3.3.3}{\376\377\000R\000P\000L\000I\000D\000A\000R\000\040\000-\000\040\0003\0006\0000}{section.3.3}% 17
\BOOKMARK [2][-]{subsection.3.3.4}{\376\377\000C\000a\000m\000e\000r\000a\000\040\000H\000U\000S\000K\000Y\000L\000E\000N\000S}{section.3.3}% 18
\BOOKMARK [2][-]{subsection.3.3.5}{\376\377\000I\000M\000U\000\040\000S\000e\000n\000s\000o\000r}{section.3.3}% 19
\BOOKMARK [2][-]{subsection.3.3.6}{\376\377\000B\000a\000r\000c\000o\000d\000e\000\040\000S\000c\000a\000n\000n\000e\000r\000\040\000G\000M\0006\0005}{section.3.3}% 20
\BOOKMARK [2][-]{subsection.3.3.7}{\376\377\000Q\000T\000R\000X\000-\000H\000D\000-\0001\0001\000R\000C}{section.3.3}% 21
\BOOKMARK [1][-]{section.3.4}{\376\377\000M\000i\000c\000r\000o\000c\000o\000n\000t\000r\000o\000l\000l\000e\000r\000\040\000a\000n\000d\000\040\000C\000o\000m\000m\000u\000n\000i\000c\000a\000t\000i\000o\000n}{chapter.3}% 22
\BOOKMARK [2][-]{subsection.3.4.1}{\376\377\000R\000a\000s\000p\000b\000e\000r\000r\000y\000\040\000P\000i\000\040\0004}{section.3.4}% 23
\BOOKMARK [2][-]{subsection.3.4.2}{\376\377\000E\000S\000P\0003\0002\000-\000S\0003\000-\000D\000e\000v\000K\000i\000t\000C\000-\0001}{section.3.4}% 24
\BOOKMARK [2][-]{subsection.3.4.3}{\376\377\000R\000S\0002\0003\0002\000\040\000t\000o\000\040\000B\000l\000u\000e\000t\000o\000o\000t\000h\000\040\000S\000e\000r\000i\000e\000s\000\040\000A\000d\000a\000p\000t\000e\000r}{section.3.4}% 25
\BOOKMARK [2][-]{subsection.3.4.4}{\376\377\000T\000P\000-\000L\000i\000n\000k\000\040\000T\000L\000-\000W\000R\0008\0004\0000\000N}{section.3.4}% 26
\BOOKMARK [0][-]{chapter.4}{\376\377\000D\000e\000s\000i\000g\000n\000\040\000a\000n\000d\000\040\000D\000e\000v\000e\000l\000o\000p\000m\000e\000n\000t\000\040\000o\000f\000\040\000t\000h\000e\000\040\000D\000r\000i\000v\000e\000\040\000W\000h\000e\000e\000l\000\040\000a\000n\000d\000\040\000G\000e\000a\000r\000b\000o\000x\000\040\000S\000y\000s\000t\000e\000m}{part.3}% 27
\BOOKMARK [1][-]{section.4.1}{\376\377\000C\000r\000i\000t\000i\000c\000a\000l\000\040\000E\000l\000e\000m\000e\000n\000t\000s\000\040\000o\000f\000\040\000A\000G\000V\000\040\000D\000e\000s\000i\000g\000n\000:\000\040\000D\000r\000i\000v\000e\000\040\000W\000h\000e\000e\000l\000s\000,\000\040\000G\000e\000a\000r\000\040\000M\000e\000c\000h\000a\000n\000i\000s\000m\000s\000,\000\040\000a\000n\000d\000\040\000M\000a\000t\000e\000r\000i\000a\000l\000\040\000S\000e\000l\000e\000c\000t\000i\000o\000n}{chapter.4}% 28
\BOOKMARK [1][-]{section.4.2}{\376\377\000D\000e\000s\000i\000g\000n\000\040\000C\000o\000n\000s\000t\000r\000a\000i\000n\000t\000s}{chapter.4}% 29
\BOOKMARK [2][-]{subsection.4.2.1}{\376\377\000T\000e\000c\000h\000n\000i\000c\000a\000l\000\040\000C\000o\000n\000s\000t\000r\000a\000i\000n\000t\000s}{section.4.2}% 30
\BOOKMARK [2][-]{subsection.4.2.2}{\376\377\000M\000a\000t\000e\000r\000i\000a\000l\000\040\000C\000o\000n\000s\000t\000r\000a\000i\000n\000t\000s}{section.4.2}% 31
\BOOKMARK [1][-]{section.4.3}{\376\377\000E\000n\000g\000i\000n\000e\000e\000r\000i\000n\000g\000\040\000S\000t\000a\000n\000d\000a\000r\000d\000s\000\040\000a\000n\000d\000\040\000L\000i\000f\000e\000l\000o\000n\000g\000\040\000l\000e\000a\000r\000n\000i\000n\000g}{chapter.4}% 32
\BOOKMARK [2][-]{subsection.4.3.1}{\376\377\000E\000n\000g\000i\000n\000e\000e\000r\000i\000n\000g\000\040\000s\000t\000a\000n\000d\000a\000r\000d\000s}{section.4.3}% 33
\BOOKMARK [2][-]{subsection.4.3.2}{\376\377\000I\000m\000p\000o\000r\000t\000a\000n\000c\000e\000\040\000o\000f\000\040\000E\000n\000g\000i\000n\000e\000e\000r\000i\000n\000g\000\040\000S\000t\000a\000n\000d\000a\000r\000d\000s\000\040\000i\000n\000\040\000A\000G\000V\000\040\000D\000r\000i\000v\000e\000\040\000S\000y\000s\000t\000e\000m\000\040\000D\000e\000s\000i\000g\000n}{section.4.3}% 34
\BOOKMARK [1][-]{section.4.4}{\376\377\000M\000a\000n\000u\000f\000a\000c\000t\000u\000r\000i\000n\000g\000\040\000C\000o\000n\000s\000t\000r\000a\000i\000n\000t\000s}{chapter.4}% 35
\BOOKMARK [1][-]{section.4.5}{\376\377\000E\000c\000o\000n\000o\000m\000i\000c\000\040\000C\000o\000n\000s\000t\000r\000a\000i\000n\000t\000s}{chapter.4}% 36
\BOOKMARK [1][-]{section.4.6}{\376\377\000E\000n\000v\000i\000r\000o\000n\000m\000e\000n\000t\000a\000l\000\040\000C\000o\000n\000s\000t\000r\000a\000i\000n\000t\000s}{chapter.4}% 37
\BOOKMARK [1][-]{section.4.7}{\376\377\000H\000e\000a\000l\000t\000h\000\040\000a\000n\000d\000\040\000S\000a\000f\000e\000t\000y\000\040\000P\000r\000o\000b\000l\000e\000m\000s}{chapter.4}% 38
\BOOKMARK [1][-]{section.4.8}{\376\377\000M\000a\000n\000u\000f\000a\000c\000t\000u\000r\000a\000b\000i\000l\000i\000t\000y}{chapter.4}% 39
\BOOKMARK [1][-]{section.4.9}{\376\377\000M\000e\000t\000h\000o\000d\000o\000l\000o\000g\000y}{chapter.4}% 40
\BOOKMARK [2][-]{subsection.4.9.1}{\376\377\000D\000i\000m\000e\000n\000s\000i\000o\000n\000s}{section.4.9}% 41
\BOOKMARK [1][-]{section.4.10}{\376\377\0003\000D\000\040\000M\000o\000d\000e\000l\000i\000n\000g}{chapter.4}% 42
\BOOKMARK [2][-]{subsection.4.10.1}{\376\377\000M\000i\000d\000d\000l\000e\000\040\000D\000r\000i\000v\000e\000\040\000W\000h\000e\000e\000l\000s\000:}{section.4.10}% 43
\BOOKMARK [2][-]{subsection.4.10.2}{\376\377\000G\000e\000a\000r\000b\000o\000x\000:}{section.4.10}% 44
\BOOKMARK [2][-]{subsection.4.10.3}{\376\377\000S\000h\000a\000f\000t\000s\000\040\000a\000n\000d\000\040\000B\000e\000a\000r\000i\000n\000g\000s\000:}{section.4.10}% 45
\BOOKMARK [2][-]{subsection.4.10.4}{\376\377\000H\000o\000u\000s\000i\000n\000g\000:}{section.4.10}% 46
\BOOKMARK [2][-]{subsection.4.10.5}{\376\377\000A\000s\000s\000e\000m\000b\000l\000y}{section.4.10}% 47
\BOOKMARK [1][-]{section.4.11}{\376\377\000C\000a\000l\000c\000u\000l\000a\000t\000i\000o\000n\000\040\000a\000n\000d\000\040\000A\000n\000a\000l\000y\000s\000i\000s}{chapter.4}% 48
\BOOKMARK [2][-]{subsection.4.11.1}{\376\377\000G\000E\000A\000R\000B\000O\000X\000\040\000C\000A\000L\000C\000U\000L\000A\000T\000I\000O\000N}{section.4.11}% 49
\BOOKMARK [1][-]{section.4.12}{\376\377\000M\000o\000t\000i\000o\000n\000\040\000A\000n\000a\000l\000y\000s\000i\000s\000:}{chapter.4}% 50
\BOOKMARK [1][-]{section.4.13}{\376\377\000C\000o\000n\000c\000l\000u\000s\000i\000o\000n}{chapter.4}% 51
\BOOKMARK [0][-]{chapter.5}{\376\377\000g\000r\000e\000g\000o\000r\000y\000'\000s\000\040\000c\000h\000a\000p\000t\000e\000r}{part.3}% 52
\BOOKMARK [1][-]{section.5.1}{\376\377\000I\000N\000T\000R\000O\000D\000U\000C\000T\000I\000O\000N}{chapter.5}% 53
\BOOKMARK [1][-]{section.5.2}{\376\377\000L\000I\000T\000E\000R\000A\000T\000U\000R\000E\000\040\000R\000E\000V\000I\000E\000W}{chapter.5}% 54
\BOOKMARK [1][-]{section.5.3}{\376\377\000R\000E\000A\000L\000I\000S\000T\000I\000C\000\040\000C\000O\000N\000S\000T\000R\000A\000I\000N\000T\000S}{chapter.5}% 55
\BOOKMARK [2][-]{subsection.5.3.1}{\376\377\000M\000a\000t\000e\000r\000i\000a\000l\000\040\000C\000o\000n\000s\000t\000r\000a\000i\000n\000t\000s}{section.5.3}% 56
\BOOKMARK [2][-]{subsection.5.3.2}{\376\377\000\040\000M\000a\000n\000u\000f\000a\000c\000t\000u\000r\000i\000n\000g\000\040\000C\000o\000n\000s\000t\000r\000a\000i\000n\000t\000s}{section.5.3}% 57
\BOOKMARK [2][-]{subsection.5.3.3}{\376\377\000M\000e\000c\000h\000a\000n\000i\000c\000a\000l\000\040\000C\000o\000n\000s\000t\000r\000a\000i\000n\000t\000s}{section.5.3}% 58
\BOOKMARK [2][-]{subsection.5.3.4}{\376\377\000E\000n\000v\000i\000r\000o\000n\000m\000e\000n\000t\000a\000l\000\040\000C\000o\000n\000s\000t\000r\000a\000i\000n\000t\000s}{section.5.3}% 59
\BOOKMARK [2][-]{subsection.5.3.5}{\376\377\000S\000a\000f\000e\000t\000y\000\040\000C\000o\000n\000s\000t\000r\000a\000i\000n\000t\000s}{section.5.3}% 60
\BOOKMARK [1][-]{section.5.4}{\376\377\000C\000H\000A\000P\000T\000E\000R\000\040\000F\000O\000U\000R\000:\000\040\000M\000E\000T\000H\000O\000D\000S\000\040\000U\000S\000E\000D\000\040\000T\000O\000\040\000D\000E\000S\000I\000G\000N\000\040\000T\000H\000E\000\040\000P\000R\000O\000J\000E\000C\000T}{chapter.5}% 61
\BOOKMARK [2][-]{subsection.5.4.1}{\376\377\000O\000b\000j\000e\000c\000t\000i\000v\000e\000s}{section.5.4}% 62
\BOOKMARK [2][-]{subsection.5.4.2}{\376\377\000M\000e\000t\000h\000o\000d\000o\000l\000o\000g\000y}{section.5.4}% 63
\BOOKMARK [2][-]{subsection.5.4.3}{\376\377\000B\000e\000a\000r\000i\000n\000g\000\040\000s\000e\000l\000e\000c\000t\000i\000o\000n}{section.5.4}% 64
\BOOKMARK [2][-]{subsection.5.4.4}{\376\377\000T\000o\000r\000q\000u\000e\000\040\000c\000a\000l\000c\000u\000l\000a\000t\000i\000o\000n}{section.5.4}% 65
\BOOKMARK [2][-]{subsection.5.4.5}{\376\377\000R\000e\000s\000u\000l\000t\000s}{section.5.4}% 66
\BOOKMARK [1][-]{section.5.5}{\376\377\000C\000O\000N\000C\000L\000U\000S\000I\000O\000N\000\040\000A\000N\000D\000\040\000F\000U\000T\000U\000R\000E\000\040\000W\000O\000R\000K\000S}{chapter.5}% 67
\BOOKMARK [0][-]{chapter.6}{\376\377\000R\000O\000S}{part.3}% 68
\BOOKMARK [1][-]{section.6.1}{\376\377\000W\000h\000y\000\040\000s\000h\000o\000u\000l\000d\000\040\000w\000e\000\040\000u\000s\000e\000\040\000R\000O\000S\000?}{chapter.6}% 69
\BOOKMARK [1][-]{section.6.2}{\376\377\000U\000n\000d\000e\000r\000s\000t\000a\000n\000d\000i\000n\000g\000\040\000t\000h\000e\000\040\000R\000O\000S\000\040\000f\000i\000l\000e\000s\000y\000s\000t\000e\000m\000\040\000l\000e\000v\000e\000l}{chapter.6}% 70
\BOOKMARK [1][-]{section.6.3}{\376\377\000R\000O\000S\000\040\000p\000a\000c\000k\000a\000g\000e\000s}{chapter.6}% 71
\BOOKMARK [1][-]{section.6.4}{\376\377\000R\000O\000S\000\040\000m\000e\000t\000a\000p\000a\000c\000k\000a\000g\000e\000s}{chapter.6}% 72
\BOOKMARK [1][-]{section.6.5}{\376\377\000R\000O\000S\000\040\000m\000e\000s\000s\000a\000g\000e\000s}{chapter.6}% 73
\BOOKMARK [1][-]{section.6.6}{\376\377\000T\000h\000e\000\040\000R\000O\000S\000\040\000s\000e\000r\000v\000i\000c\000e\000s}{chapter.6}% 74
\BOOKMARK [1][-]{section.6.7}{\376\377\000U\000n\000d\000e\000r\000s\000t\000a\000n\000d\000i\000n\000g\000\040\000t\000h\000e\000\040\000R\000O\000S\000\040\000c\000o\000m\000p\000u\000t\000a\000t\000i\000o\000n\000\040\000g\000r\000a\000p\000h\000\040\000l\000e\000v\000e\000l}{chapter.6}% 75
\BOOKMARK [2][-]{subsection.6.7.1}{\376\377\000N\000o\000d\000e\000s}{section.6.7}% 76
\BOOKMARK [2][-]{subsection.6.7.2}{\376\377\000M\000a\000s\000t\000e\000r}{section.6.7}% 77
\BOOKMARK [2][-]{subsection.6.7.3}{\376\377\000P\000a\000r\000a\000m\000e\000t\000e\000r\000\040\000s\000e\000r\000v\000e\000r}{section.6.7}% 78
\BOOKMARK [2][-]{subsection.6.7.4}{\376\377\000T\000o\000p\000i\000c\000s}{section.6.7}% 79
\BOOKMARK [2][-]{subsection.6.7.5}{\376\377\000L\000o\000g\000g\000i\000n\000g}{section.6.7}% 80
\BOOKMARK [1][-]{section.6.8}{\376\377\000R\000O\000S\000\040\000n\000o\000d\000e\000s}{chapter.6}% 81
\BOOKMARK [1][-]{section.6.9}{\376\377\000R\000O\000S\000\040\000m\000e\000s\000s\000a\000g\000e\000s}{chapter.6}% 82
\BOOKMARK [1][-]{section.6.10}{\376\377\000R\000O\000S\000\040\000t\000o\000p\000i\000c\000s}{chapter.6}% 83
\BOOKMARK [1][-]{section.6.11}{\376\377\000R\000O\000S\000\040\000s\000e\000r\000v\000i\000c\000e\000s}{chapter.6}% 84
\BOOKMARK [1][-]{section.6.12}{\376\377\000R\000O\000S\000\040\000b\000a\000g\000f\000i\000l\000e\000s}{chapter.6}% 85
\BOOKMARK [1][-]{section.6.13}{\376\377\000T\000h\000e\000\040\000R\000O\000S\000\040\000m\000a\000s\000t\000e\000r}{chapter.6}% 86
\BOOKMARK [1][-]{section.6.14}{\376\377\000R\000O\000S\000\040\000p\000a\000r\000a\000m\000e\000t\000e\000r}{chapter.6}% 87
\BOOKMARK [1][-]{section.6.15}{\376\377\000R\000O\000S\000\040\000d\000i\000s\000t\000r\000i\000b\000u\000t\000i\000o\000n\000s}{chapter.6}% 88
\BOOKMARK [1][-]{section.6.16}{\376\377\000R\000u\000n\000n\000i\000n\000g\000\040\000t\000h\000e\000\040\000R\000O\000S\000\040\000m\000a\000s\000t\000e\000r\000\040\000a\000n\000d\000\040\000t\000h\000e\000\040\000R\000O\000S\000\040\000p\000a\000r\000a\000m\000e\000t\000e\000r\000\040\000s\000e\000r\000v\000e\000r}{chapter.6}% 89
\BOOKMARK [2][-]{subsection.6.16.1}{\376\377\000C\000h\000e\000c\000k\000i\000n\000g\000\040\000t\000h\000e\000\040\000r\000o\000s\000c\000o\000r\000e\000\040\000c\000o\000m\000m\000a\000n\000d\000'\000s\000\040\000o\000u\000t\000p\000u\000t}{section.6.16}% 90
\BOOKMARK [0][-]{chapter.7}{\376\377\000S\000I\000M\000U\000L\000A\000T\000I\000O\000N\000\040\000E\000N\000V\000I\000R\000O\000N\000M\000E\000N\000T}{part.3}% 91
\BOOKMARK [1][-]{section.7.1}{\376\377\000I\000n\000t\000r\000o\000d\000u\000c\000t\000i\000o\000n\000\040\000t\000o\000\040\000t\000h\000e\000\040\000S\000i\000m\000u\000l\000a\000t\000i\000o\000n\000\040\000E\000n\000v\000i\000r\000o\000n\000m\000e\000n\000t}{chapter.7}% 92
\BOOKMARK [1][-]{section.7.2}{\376\377\000T\000o\000o\000l\000s\000\040\000a\000n\000d\000\040\000F\000r\000a\000m\000e\000w\000o\000r\000k}{chapter.7}% 93
\BOOKMARK [2][-]{subsection.7.2.1}{\376\377\000G\000a\000z\000e\000b\000o}{section.7.2}% 94
\BOOKMARK [2][-]{subsection.7.2.2}{\376\377\000R\000V\000i\000z}{section.7.2}% 95
\BOOKMARK [1][-]{section.7.3}{\376\377\000I\000m\000p\000l\000e\000m\000e\000n\000t\000a\000t\000i\000o\000n\000\040\000o\000f\000\040\000t\000h\000e\000\040\000S\000i\000m\000u\000l\000a\000t\000i\000o\000n\000\040\000E\000n\000v\000i\000r\000o\000n\000m\000e\000n\000t}{chapter.7}% 96
\BOOKMARK [2][-]{subsection.7.3.1}{\376\377\000R\000o\000b\000o\000t\000\040\000M\000o\000d\000e\000l\000\040\000\050\000\040\000U\000R\000D\000F\000/\000S\000D\000F\000\040\000\051}{section.7.3}% 97
\BOOKMARK [2][-]{subsection.7.3.2}{\376\377\000W\000o\000r\000l\000d\000\040\000D\000e\000s\000i\000g\000n}{section.7.3}% 98
\BOOKMARK [2][-]{subsection.7.3.3}{\376\377\000C\000o\000n\000t\000r\000o\000l\000\040\000a\000n\000d\000\040\000s\000e\000n\000s\000o\000r\000\040\000I\000n\000t\000e\000g\000r\000a\000t\000i\000o\000n}{section.7.3}% 99
\BOOKMARK [1][-]{section.7.4}{\376\377\000V\000a\000l\000i\000d\000a\000t\000i\000o\000n\000\040\000o\000f\000\040\000t\000h\000e\000\040\000s\000i\000m\000u\000l\000a\000t\000i\000o\000n}{chapter.7}% 100
\BOOKMARK [1][-]{section.7.5}{\376\377\000C\000h\000a\000l\000l\000e\000n\000g\000e\000s\000\040\000a\000n\000d\000\040\000S\000o\000l\000u\000t\000i\000o\000n\000s}{chapter.7}% 101
\BOOKMARK [-1][-]{part.4}{\376\377\000I\000V\000\040\000M\000E\000T\000H\000O\000D\000S\000\040\000U\000S\000E\000D\000\040\000T\000O\000\040\000D\000E\000S\000I\000G\000N\000\040\000T\000H\000E\000\040\000P\000R\000O\000J\000E\000C\000T}{}% 102
\BOOKMARK [0][-]{chapter.8}{\376\377\000U\000R\000D\000F}{part.4}% 103
\BOOKMARK [1][-]{section.8.1}{\376\377\000U\000n\000d\000e\000r\000s\000t\000a\000n\000d\000i\000n\000g\000\040\000r\000o\000b\000o\000t\000\040\000m\000o\000d\000e\000l\000i\000n\000g\000\040\000u\000s\000i\000n\000g\000\040\000U\000R\000D\000F}{chapter.8}% 104
\BOOKMARK [2][-]{subsection.8.1.1}{\376\377\000l\000i\000n\000k\000:}{section.8.1}% 105
\BOOKMARK [2][-]{subsection.8.1.2}{\376\377\000j\000o\000i\000n\000t\000:}{section.8.1}% 106
\BOOKMARK [2][-]{subsection.8.1.3}{\376\377\000r\000o\000b\000o\000t\000:}{section.8.1}% 107
\BOOKMARK [2][-]{subsection.8.1.4}{\376\377\000g\000a\000z\000e\000b\000o\000:}{section.8.1}% 108
\BOOKMARK [2][-]{subsection.8.1.5}{\376\377\000A\000d\000d\000i\000n\000g\000\040\000p\000h\000y\000s\000i\000c\000a\000l\000\040\000a\000n\000d\000\040\000c\000o\000l\000l\000i\000s\000i\000o\000n\000\040\000p\000r\000o\000p\000e\000r\000t\000i\000e\000s\000\040\000t\000o\000\040\000a\000\040\000U\000R\000D\000F\000\040\000m\000o\000d\000e\000l}{section.8.1}% 109
\BOOKMARK [2][-]{subsection.8.1.6}{\376\377\000T\000r\000a\000n\000s\000m\000i\000s\000s\000i\000o\000n\000:}{section.8.1}% 110
\BOOKMARK [1][-]{section.8.2}{\376\377\000C\000r\000e\000a\000t\000i\000n\000g\000\040\000U\000R\000D\000F\000\040\000m\000o\000d\000e\000l}{chapter.8}% 111
\BOOKMARK [2][-]{subsection.8.2.1}{\376\377\000U\000n\000d\000e\000r\000s\000t\000a\000n\000d\000i\000n\000g\000\040\000r\000o\000b\000o\000t\000\040\000m\000o\000d\000e\000l\000i\000n\000g\000\040\000u\000s\000i\000n\000g\000\040\000x\000a\000c\000r\000o}{section.8.2}% 112
\BOOKMARK [2][-]{subsection.8.2.2}{\376\377\000U\000s\000i\000n\000g\000\040\000p\000r\000o\000p\000e\000r\000t\000i\000e\000s}{section.8.2}% 113
\BOOKMARK [2][-]{subsection.8.2.3}{\376\377\000U\000s\000i\000n\000g\000\040\000t\000h\000e\000\040\000m\000a\000t\000h\000\040\000e\000x\000p\000r\000e\000s\000s\000i\000o\000n}{section.8.2}% 114
\BOOKMARK [2][-]{subsection.8.2.4}{\376\377\000U\000s\000i\000n\000g\000\040\000m\000a\000c\000r\000o\000s}{section.8.2}% 115
\BOOKMARK [2][-]{subsection.8.2.5}{\376\377\000I\000n\000c\000l\000u\000d\000i\000n\000g\000\040\000o\000t\000h\000e\000r\000\040\000x\000a\000c\000r\000o\000\040\000f\000i\000l\000e\000s}{section.8.2}% 116
\BOOKMARK [1][-]{section.8.3}{\376\377\000V\000i\000s\000u\000a\000l\000i\000z\000i\000n\000g\000\040\000t\000h\000e\000\040\0003\000D\000\040\000r\000o\000b\000o\000t\000\040\000m\000o\000d\000e\000l\000\040\000i\000n\000\040\000R\000V\000i\000z}{chapter.8}% 117
\BOOKMARK [2][-]{subsection.8.3.1}{\376\377\000I\000n\000t\000e\000r\000a\000c\000t\000i\000n\000g\000\040\000w\000i\000t\000h\000\040\000j\000o\000i\000n\000t\000s\000\040\000i\000n\000\040\000R\000v\000i\000z}{section.8.3}% 118
\BOOKMARK [0][-]{chapter.9}{\376\377\000N\000A\000V\000I\000G\000A\000T\000I\000O\000N}{part.4}% 119
\BOOKMARK [1][-]{section.9.1}{\376\377\000F\000o\000r\000\040\000L\000i\000n\000e\000\040\000D\000e\000t\000e\000c\000t\000i\000o\000n\000\040\000a\000n\000d\000\040\000F\000o\000l\000l\000o\000w\000i\000n\000g\000:}{chapter.9}% 120
\BOOKMARK [2][-]{subsection.9.1.1}{\376\377\000C\000a\000m\000e\000r\000a\000-\000b\000a\000s\000e\000d\000\040\000V\000i\000s\000i\000o\000n\000\040\000M\000e\000t\000h\000o\000d\000:}{section.9.1}% 121
\BOOKMARK [2][-]{subsection.9.1.2}{\376\377\0001\000.\0002\000\040\000C\000o\000n\000t\000r\000o\000l\000\040\000A\000l\000g\000o\000r\000i\000t\000h\000m\000\040\000f\000o\000r\000\040\000L\000i\000n\000e\000\040\000F\000o\000l\000l\000o\000w\000i\000n\000g}{section.9.1}% 122
\BOOKMARK [2][-]{subsection.9.1.3}{\376\377\0001\000.\0003\000\040\000I\000n\000t\000e\000g\000r\000a\000t\000i\000n\000g\000\040\000t\000h\000e\000\040\000L\000i\000n\000e\000\040\000F\000o\000l\000l\000o\000w\000i\000n\000g\000\040\000w\000i\000t\000h\000\040\000t\000h\000e\000\040\000S\000i\000m\000u\000l\000a\000t\000o\000r}{section.9.1}% 123
\BOOKMARK [1][-]{section.9.2}{\376\377\000F\000o\000r\000\040\000B\000u\000i\000l\000d\000i\000n\000g\000\040\000M\000a\000p}{chapter.9}% 124
\BOOKMARK [2][-]{subsection.9.2.1}{\376\377\000L\000I\000D\000A\000R}{section.9.2}% 125
\BOOKMARK [2][-]{subsection.9.2.2}{\376\377\000Q\000R\000\040\000C\000o\000d\000e\000\040\000S\000c\000a\000n\000n\000i\000n\000g}{section.9.2}% 126
\BOOKMARK [0][-]{chapter.10}{\376\377\000R\000e\000a\000l\000i\000s\000t\000i\000c\000\040\000c\000o\000n\000s\000t\000r\000a\000i\000n\000t\000s}{part.4}% 127
\BOOKMARK [1][-]{section.10.1}{\376\377\000c\000o\000m\000p\000u\000t\000a\000t\000i\000o\000n\000a\000l\000-\000p\000o\000w\000e\000r\000-\000a\000n\000d\000-\000r\000e\000s\000o\000u\000r\000c\000e\000s}{chapter.10}% 128
\BOOKMARK [2][-]{subsection.10.1.1}{\376\377\000c\000p\000u\000-\000a\000n\000d\000-\000g\000p\000u\000-\000l\000i\000m\000i\000t\000a\000t\000i\000o\000n\000s}{section.10.1}% 129
\BOOKMARK [2][-]{subsection.10.1.2}{\376\377\000m\000e\000m\000o\000r\000y\000-\000r\000a\000m\000-\000c\000o\000n\000s\000t\000r\000a\000i\000n\000t\000s}{section.10.1}% 130
\BOOKMARK [2][-]{subsection.10.1.3}{\376\377\000r\000e\000a\000l\000-\000t\000i\000m\000e\000-\000p\000e\000r\000f\000o\000r\000m\000a\000n\000c\000e}{section.10.1}% 131
\BOOKMARK [1][-]{section.10.2}{\376\377\000c\000o\000m\000p\000l\000e\000x\000i\000t\000y\000-\000o\000f\000-\000t\000h\000e\000-\000s\000i\000m\000u\000l\000a\000t\000e\000d\000-\000e\000n\000v\000i\000r\000o\000n\000m\000e\000n\000t}{chapter.10}% 132
\BOOKMARK [2][-]{subsection.10.2.1}{\376\377\000s\000i\000z\000e\000-\000a\000n\000d\000-\000d\000e\000t\000a\000i\000l\000-\000o\000f\000-\000t\000h\000e\000-\000s\000i\000m\000u\000l\000a\000t\000i\000o\000n}{section.10.2}% 133
\BOOKMARK [2][-]{subsection.10.2.2}{\376\377\000d\000y\000n\000a\000m\000i\000c\000-\000o\000b\000j\000e\000c\000t\000s\000-\000a\000n\000d\000-\000m\000o\000v\000e\000m\000e\000n\000t\000s}{section.10.2}% 134
\BOOKMARK [1][-]{section.10.3}{\376\377\000s\000i\000m\000u\000l\000a\000t\000i\000n\000g\000-\000s\000e\000n\000s\000o\000r\000-\000d\000a\000t\000a}{chapter.10}% 135
\BOOKMARK [2][-]{subsection.10.3.1}{\376\377\000a\000.\000-\000s\000e\000n\000s\000o\000r\000-\000d\000a\000t\000a\000-\000p\000r\000o\000c\000e\000s\000s\000i\000n\000g\000-\000l\000o\000a\000d}{section.10.3}% 136
\BOOKMARK [2][-]{subsection.10.3.2}{\376\377\000r\000e\000a\000l\000-\000t\000i\000m\000e\000-\000s\000e\000n\000s\000o\000r\000-\000f\000u\000s\000i\000o\000n}{section.10.3}% 137
\BOOKMARK [1][-]{section.10.4}{\376\377\000a\000l\000g\000o\000r\000i\000t\000h\000m\000i\000c\000-\000c\000o\000n\000s\000t\000r\000a\000i\000n\000t\000s}{chapter.10}% 138
\BOOKMARK [2][-]{subsection.10.4.1}{\376\377\000a\000.\000-\000c\000o\000m\000p\000u\000t\000a\000t\000i\000o\000n\000a\000l\000-\000c\000o\000s\000t\000-\000o\000f\000-\000s\000l\000a\000m}{section.10.4}% 139
\BOOKMARK [2][-]{subsection.10.4.2}{\376\377\000b\000.\000-\000p\000a\000t\000h\000-\000p\000l\000a\000n\000n\000i\000n\000g\000-\000a\000n\000d\000-\000d\000e\000c\000i\000s\000i\000o\000n\000-\000m\000a\000k\000i\000n\000g}{section.10.4}% 140
\BOOKMARK [1][-]{section.10.5}{\376\377\000s\000i\000m\000u\000l\000a\000t\000i\000o\000n\000-\000s\000o\000f\000t\000w\000a\000r\000e\000-\000l\000i\000m\000i\000t\000a\000t\000i\000o\000n\000s}{chapter.10}% 141
\BOOKMARK [2][-]{subsection.10.5.1}{\376\377\000s\000i\000m\000u\000l\000a\000t\000i\000o\000n\000-\000e\000n\000g\000i\000n\000e\000-\000e\000f\000f\000i\000c\000i\000e\000n\000c\000y}{section.10.5}% 142
\BOOKMARK [2][-]{subsection.10.5.2}{\376\377\000p\000a\000r\000a\000l\000l\000e\000l\000i\000z\000a\000t\000i\000o\000n\000-\000a\000n\000d\000-\000m\000u\000l\000t\000i\000t\000h\000r\000e\000a\000d\000i\000n\000g}{section.10.5}% 143
\BOOKMARK [1][-]{section.10.6}{\376\377\000s\000i\000m\000u\000l\000a\000t\000i\000n\000g\000-\000r\000e\000a\000l\000-\000t\000i\000m\000e\000-\000c\000o\000n\000s\000t\000r\000a\000i\000n\000t\000s}{chapter.10}% 144
\BOOKMARK [2][-]{subsection.10.6.1}{\376\377\000r\000e\000a\000l\000-\000t\000i\000m\000e\000-\000c\000o\000n\000t\000r\000o\000l\000-\000v\000s\000.\000-\000s\000i\000m\000u\000l\000a\000t\000i\000o\000n\000-\000s\000p\000e\000e\000d}{section.10.6}% 145
\BOOKMARK [0][-]{chapter.11}{\376\377\000C\000O\000N\000C\000L\000U\000S\000I\000O\000N\000\040\000A\000N\000D\000\040\000F\000U\000T\000U\000R\000E\000\040\000W\000O\000R\000K\000S}{part.4}% 146
\BOOKMARK [1][-]{section.11.1}{\376\377\000C\000O\000S\000T}{chapter.11}% 147
