\BOOKMARK [0][-]{chapter.1}{\376\377\000b\000o\000i\000m\000a\000'\000s\000\040\000c\000h\000a\000p\000t\000e\000r}{}% 1
\BOOKMARK [1][-]{section.1.1}{\376\377\000R\000e\000s\000e\000a\000r\000c\000h\000\040\000G\000a\000p\000s\000\040\000a\000n\000d\000\040\000J\000u\000s\000t\000i\000f\000i\000c\000a\000t\000i\000o\000n}{chapter.1}% 2
\BOOKMARK [1][-]{section.1.2}{\376\377\000P\000h\000y\000s\000i\000c\000a\000l\000\040\000D\000e\000s\000i\000g\000n\000\040\000C\000o\000n\000s\000t\000r\000a\000i\000n\000t\000s}{chapter.1}% 3
\BOOKMARK [2][-]{subsection.1.2.1}{\376\377\000L\000o\000a\000d\000\040\000C\000a\000p\000a\000c\000i\000t\000y\000\040\000C\000o\000n\000s\000t\000r\000a\000i\000n\000t\000s}{section.1.2}% 4
\BOOKMARK [2][-]{subsection.1.2.2}{\376\377\000D\000i\000m\000e\000n\000s\000i\000o\000n\000a\000l\000\040\000C\000o\000n\000s\000t\000r\000a\000i\000n\000t\000s}{section.1.2}% 5
\BOOKMARK [2][-]{subsection.1.2.3}{\376\377\000M\000a\000t\000e\000r\000i\000a\000l\000\040\000a\000n\000d\000\040\000M\000a\000n\000u\000f\000a\000c\000t\000u\000r\000i\000n\000g\000\040\000C\000o\000n\000s\000t\000r\000a\000i\000n\000t\000s}{section.1.2}% 6
\BOOKMARK [1][-]{section.1.3}{\376\377\000O\000p\000e\000r\000a\000t\000i\000o\000n\000a\000l\000\040\000C\000o\000n\000s\000t\000r\000a\000i\000n\000t\000s}{chapter.1}% 7
\BOOKMARK [2][-]{subsection.1.3.1}{\376\377\000S\000a\000f\000e\000t\000y\000\040\000R\000e\000q\000u\000i\000r\000e\000m\000e\000n\000t\000s}{section.1.3}% 8
\BOOKMARK [2][-]{subsection.1.3.2}{\376\377\000P\000e\000r\000f\000o\000r\000m\000a\000n\000c\000e\000\040\000C\000o\000n\000s\000t\000r\000a\000i\000n\000t\000s}{section.1.3}% 9
\BOOKMARK [2][-]{subsection.1.3.3}{\376\377\000E\000n\000v\000i\000r\000o\000n\000m\000e\000n\000t\000a\000l\000\040\000C\000o\000n\000s\000t\000r\000a\000i\000n\000t\000s}{section.1.3}% 10
\BOOKMARK [1][-]{section.1.4}{\376\377\000M\000E\000T\000H\000O\000D\000\040\000O\000F\000\040\000A\000G\000V\000\040\000D\000E\000S\000I\000G\000N}{chapter.1}% 11
\BOOKMARK [2][-]{subsection.1.4.1}{\376\377\000S\000i\000n\000g\000l\000e\000\040\000l\000e\000v\000e\000l\000\040\000S\000c\000i\000s\000s\000o\000r\000\040\000l\000i\000f\000t\000\040\000d\000e\000s\000i\000g\000n}{section.1.4}% 12
\BOOKMARK [1][-]{section.1.5}{\376\377\000L\000o\000a\000d\000\040\000a\000n\000a\000l\000y\000s\000i\000s}{chapter.1}% 13
\BOOKMARK [2][-]{subsection.1.5.1}{\376\377\000L\000o\000a\000d\000\040\000d\000i\000s\000t\000r\000i\000b\000u\000t\000i\000o\000n\000:}{section.1.5}% 14
\BOOKMARK [2][-]{subsection.1.5.2}{\376\377\000D\000e\000a\000d\000\040\000l\000o\000a\000d}{section.1.5}% 15
\BOOKMARK [2][-]{subsection.1.5.3}{\376\377\000F\000o\000r\000c\000e\000s\000\040\000o\000n\000\040\000t\000h\000e\000\040\000l\000i\000f\000t}{section.1.5}% 16
\BOOKMARK [1][-]{section.1.6}{\376\377\000M\000e\000c\000h\000a\000n\000i\000c\000a\000l\000\040\000A\000d\000v\000a\000n\000t\000a\000g\000e\000\040\000A\000n\000a\000l\000y\000s\000i\000s\000:}{chapter.1}% 17
\BOOKMARK [2][-]{subsection.1.6.1}{\376\377\000K\000i\000n\000e\000m\000a\000t\000i\000c\000\040\000a\000n\000a\000l\000y\000s\000i\000s}{section.1.6}% 18
\BOOKMARK [2][-]{subsection.1.6.2}{\376\377\000S\000c\000i\000s\000s\000o\000r\000\040\000l\000i\000f\000t\000\040\000d\000i\000m\000e\000n\000s\000i\000o\000n\000s}{section.1.6}% 19
\BOOKMARK [2][-]{subsection.1.6.3}{\376\377\000M\000a\000s\000s\000\040\000c\000e\000n\000t\000e\000r}{section.1.6}% 20
\BOOKMARK [1][-]{section.1.7}{\376\377\000M\000o\000b\000i\000l\000i\000t\000y}{chapter.1}% 21
\BOOKMARK [1][-]{section.1.8}{\376\377\000I\000n\000s\000t\000a\000n\000t\000a\000n\000e\000o\000u\000s\000\040\000c\000e\000n\000t\000e\000r}{chapter.1}% 22
\BOOKMARK [1][-]{section.1.9}{\376\377\000V\000e\000l\000o\000c\000i\000t\000y\000\040\000D\000e\000t\000e\000r\000m\000i\000n\000a\000t\000i\000o\000n}{chapter.1}% 23
\BOOKMARK [1][-]{section.1.10}{\376\377\000A\000c\000t\000u\000a\000t\000i\000o\000n\000\040\000M\000e\000c\000h\000a\000n\000i\000s\000m}{chapter.1}% 24
\BOOKMARK [2][-]{subsection.1.10.1}{\376\377\000C\000y\000l\000i\000n\000d\000e\000r\000\040\000E\000x\000t\000e\000n\000s\000i\000o\000n\000\040\000L\000e\000n\000g\000t\000h\000\040\000\050\000Z\000\051}{section.1.10}% 25
\BOOKMARK [1][-]{section.1.11}{\376\377\000C\000A\000D\000\040\000d\000e\000s\000i\000g\000n}{chapter.1}% 26
\BOOKMARK [2][-]{subsection.1.11.1}{\376\377\000M\000a\000c\000h\000i\000n\000e\000\040\000c\000o\000m\000p\000o\000n\000e\000n\000t\000s\000\040\000\050\000S\000c\000i\000s\000s\000o\000r\000\040\000l\000i\000f\000t\000s\000\051}{section.1.11}% 27
\BOOKMARK [2][-]{subsection.1.11.2}{\376\377\000M\000e\000t\000h\000o\000d\000\040\000o\000f\000\040\000a\000s\000s\000e\000m\000b\000l\000y}{section.1.11}% 28
\BOOKMARK [2][-]{subsection.1.11.3}{\376\377\000S\000t\000r\000e\000s\000s\000\040\000A\000n\000a\000l\000y\000s\000i\000s}{section.1.11}% 29
\BOOKMARK [1][-]{section.1.12}{\376\377\000A\000G\000V\000\040\000C\000h\000a\000s\000s\000i\000s\000\040\000D\000e\000s\000i\000g\000n\000\040\000a\000n\000d\000\040\000A\000n\000a\000l\000y\000s\000i\000s\000\040\000R\000e\000p\000o\000r\000t}{chapter.1}% 30
\BOOKMARK [2][-]{subsection.1.12.1}{\376\377\000D\000e\000s\000i\000g\000n\000\040\000S\000p\000e\000c\000i\000f\000i\000c\000a\000t\000i\000o\000n\000s}{section.1.12}% 31
\BOOKMARK [2][-]{subsection.1.12.2}{\376\377\000S\000t\000r\000u\000c\000t\000u\000r\000a\000l\000\040\000C\000o\000n\000f\000i\000g\000u\000r\000a\000t\000i\000o\000n}{section.1.12}% 32
\BOOKMARK [2][-]{subsection.1.12.3}{\376\377\000C\000o\000m\000p\000o\000n\000e\000n\000t\000\040\000I\000n\000t\000e\000g\000r\000a\000t\000i\000o\000n}{section.1.12}% 33
\BOOKMARK [2][-]{subsection.1.12.4}{\376\377\000P\000r\000o\000t\000e\000c\000t\000i\000v\000e\000\040\000F\000r\000a\000m\000e\000w\000o\000r\000k}{section.1.12}% 34
\BOOKMARK [2][-]{subsection.1.12.5}{\376\377\000D\000e\000s\000i\000g\000n\000\040\000M\000e\000t\000h\000o\000d\000o\000l\000o\000g\000y}{section.1.12}% 35
\BOOKMARK [2][-]{subsection.1.12.6}{\376\377\000L\000o\000a\000d\000\040\000D\000i\000s\000t\000r\000i\000b\000u\000t\000i\000o\000n\000\040\000A\000n\000a\000l\000y\000s\000i\000s}{section.1.12}% 36
\BOOKMARK [2][-]{subsection.1.12.7}{\376\377\000S\000y\000m\000m\000e\000t\000r\000y\000\040\000S\000t\000r\000e\000s\000s\000\040\000A\000n\000a\000l\000y\000s\000i\000s}{section.1.12}% 37
\BOOKMARK [2][-]{subsection.1.12.8}{\376\377\000L\000o\000a\000d\000\040\000A\000n\000a\000l\000y\000s\000i\000s\000\040\000w\000i\000t\000h\000\040\0002\0009\0004\0003\000N\000\040\000F\000o\000r\000c\000e}{section.1.12}% 38
\BOOKMARK [1][-]{section.1.13}{\376\377\000C\000O\000N\000C\000L\000U\000S\000I\000O\000N\000\040\000A\000N\000D\000\040\000F\000U\000T\000U\000R\000E\000\040\000W\000O\000R\000K\000S}{chapter.1}% 39
