\BOOKMARK [0][-]{chapter.1}{\376\377\000G\000E\000A\000R\000\040\000B\000O\000X\000\040\000D\000E\000S\000I\000G\000N}{}% 1
\BOOKMARK [1][-]{section.1.1}{\376\377\000L\000i\000t\000e\000r\000a\000t\000u\000r\000e\000\040\000S\000u\000r\000v\000a\000y}{chapter.1}% 2
\BOOKMARK [1][-]{section.1.2}{\376\377\000\040\000R\000e\000a\000l\000i\000s\000t\000i\000c\000\040\000C\000o\000n\000s\000t\000r\000a\000i\000n\000t\000s}{chapter.1}% 3
\BOOKMARK [2][-]{subsection.1.2.1}{\376\377\000T\000e\000c\000h\000n\000i\000c\000a\000l\000\040\000C\000o\000n\000s\000t\000r\000a\000i\000n\000t\000s}{section.1.2}% 4
\BOOKMARK [2][-]{subsection.1.2.2}{\376\377\000M\000a\000t\000e\000r\000i\000a\000l\000\040\000C\000o\000n\000s\000t\000r\000a\000i\000n\000t\000s}{section.1.2}% 5
\BOOKMARK [2][-]{subsection.1.2.3}{\376\377\000M\000a\000n\000u\000f\000a\000c\000t\000u\000r\000i\000n\000g\000\040\000C\000o\000n\000s\000t\000r\000a\000i\000n\000t\000s}{section.1.2}% 6
\BOOKMARK [2][-]{subsection.1.2.4}{\376\377\000E\000c\000o\000n\000o\000m\000i\000c\000\040\000C\000o\000n\000s\000t\000r\000a\000i\000n\000t\000s}{section.1.2}% 7
\BOOKMARK [2][-]{subsection.1.2.5}{\376\377\000E\000n\000v\000i\000r\000o\000n\000m\000e\000n\000t\000a\000l\000\040\000C\000o\000n\000s\000t\000r\000a\000i\000n\000t\000s}{section.1.2}% 8
\BOOKMARK [2][-]{subsection.1.2.6}{\376\377\000H\000u\000m\000a\000n\000\040\000C\000o\000n\000s\000t\000r\000a\000i\000n\000t\000s}{section.1.2}% 9
\BOOKMARK [1][-]{section.1.3}{\376\377\000M\000e\000t\000h\000o\000d\000o\000l\000o\000g\000y}{chapter.1}% 10
\BOOKMARK [2][-]{subsection.1.3.1}{\376\377\000D\000i\000m\000e\000n\000s\000i\000o\000n\000s}{section.1.3}% 11
\BOOKMARK [1][-]{section.1.4}{\376\377\0003\000D\000\040\000M\000o\000d\000e\000l\000i\000n\000g}{chapter.1}% 12
\BOOKMARK [2][-]{subsection.1.4.1}{\376\377\000M\000i\000d\000d\000l\000e\000\040\000D\000r\000i\000v\000e\000\040\000W\000h\000e\000e\000l\000s\000:}{section.1.4}% 13
\BOOKMARK [2][-]{subsection.1.4.2}{\376\377\000G\000e\000a\000r\000b\000o\000x\000:}{section.1.4}% 14
\BOOKMARK [2][-]{subsection.1.4.3}{\376\377\000S\000h\000a\000f\000t\000s\000\040\000a\000n\000d\000\040\000B\000e\000a\000r\000i\000n\000g\000s\000:}{section.1.4}% 15
\BOOKMARK [2][-]{subsection.1.4.4}{\376\377\000H\000o\000u\000s\000i\000n\000g\000:}{section.1.4}% 16
\BOOKMARK [2][-]{subsection.1.4.5}{\376\377\000A\000s\000s\000e\000m\000b\000l\000y}{section.1.4}% 17
\BOOKMARK [1][-]{section.1.5}{\376\377\000C\000a\000l\000c\000u\000l\000a\000t\000i\000o\000n\000\040\000a\000n\000d\000\040\000A\000n\000a\000l\000y\000s\000i\000s}{chapter.1}% 18
\BOOKMARK [2][-]{subsection.1.5.1}{\376\377\000G\000E\000A\000R\000B\000O\000X\000\040\000C\000A\000L\000C\000U\000L\000A\000T\000I\000O\000N}{section.1.5}% 19
\BOOKMARK [1][-]{section.1.6}{\376\377\000M\000o\000t\000i\000o\000n\000\040\000A\000n\000a\000l\000y\000s\000i\000s\000:}{chapter.1}% 20
\BOOKMARK [1][-]{section.1.7}{\376\377\000C\000o\000n\000c\000l\000u\000s\000i\000o\000n}{chapter.1}% 21
