\BOOKMARK [0][-]{chapter.1}{\376\377\000E\000l\000e\000c\000t\000r\000i\000c\000a\000l\000\040\000S\000y\000s\000t\000e\000m\000\040\000D\000e\000s\000i\000g\000n}{}% 1
\BOOKMARK [1][-]{section.1.1}{\376\377\000P\000o\000w\000e\000r\000\040\000S\000u\000p\000p\000l\000y\000\040\000a\000n\000d\000\040\000D\000i\000s\000t\000r\000i\000b\000u\000t\000i\000o\000n}{chapter.1}% 2
\BOOKMARK [2][-]{subsection.1.1.1}{\376\377\000B\000a\000t\000t\000e\000r\000y\000\040\000S\000y\000s\000t\000e\000m}{section.1.1}% 3
\BOOKMARK [2][-]{subsection.1.1.2}{\376\377\000B\000a\000t\000t\000e\000r\000y\000\040\000M\000a\000n\000a\000g\000e\000m\000e\000n\000t\000\040\000S\000y\000s\000t\000e\000m\000\040\000\050\000B\000M\000S\000\051}{section.1.1}% 4
\BOOKMARK [2][-]{subsection.1.1.3}{\376\377\000V\000o\000l\000t\000a\000g\000e\000\040\000R\000e\000g\000u\000l\000a\000t\000i\000o\000n\000\040\000a\000n\000d\000\040\000P\000o\000w\000e\000r\000\040\000D\000i\000s\000t\000r\000i\000b\000u\000t\000i\000o\000n}{section.1.1}% 5
\BOOKMARK [2][-]{subsection.1.1.4}{\376\377\000K\000e\000y\000\040\000C\000o\000n\000s\000i\000d\000e\000r\000a\000t\000i\000o\000n\000s}{section.1.1}% 6
\BOOKMARK [1][-]{section.1.2}{\376\377\000M\000o\000t\000o\000r\000\040\000C\000o\000n\000t\000r\000o\000l\000\040\000S\000y\000s\000t\000e\000m}{chapter.1}% 7
\BOOKMARK [2][-]{subsection.1.2.1}{\376\377\000M\000o\000t\000o\000r\000s\000\040\000a\000n\000d\000\040\000a\000c\000t\000u\000a\000t\000o\000r\000s}{section.1.2}% 8
\BOOKMARK [1][-]{section.1.3}{\376\377\000S\000e\000n\000s\000o\000r\000s}{chapter.1}% 9
\BOOKMARK [2][-]{subsection.1.3.1}{\376\377\000V\000L\0005\0003\000L\0000\000X\000\040\000\050\000T\000i\000m\000e\000-\000o\000f\000-\000F\000l\000i\000g\000h\000t\000\040\000D\000i\000s\000t\000a\000n\000c\000e\000\040\000S\000e\000n\000s\000o\000r\000\051}{section.1.3}% 10
\BOOKMARK [2][-]{subsection.1.3.2}{\376\377\000W\000e\000i\000g\000h\000t\000\040\000S\000e\000n\000s\000o\000r\000\040\000-\000\040\000L\000o\000a\000d\000\040\000S\000e\000n\000s\000o\000r\000\040\0005\0000\000K\000g}{section.1.3}% 11
\BOOKMARK [2][-]{subsection.1.3.3}{\376\377\000R\000P\000L\000I\000D\000A\000R\000\040\000-\000\040\0003\0006\0000}{section.1.3}% 12
\BOOKMARK [2][-]{subsection.1.3.4}{\376\377\000C\000a\000m\000e\000r\000a\000\040\000H\000U\000S\000K\000Y\000L\000E\000N\000S}{section.1.3}% 13
\BOOKMARK [2][-]{subsection.1.3.5}{\376\377\000I\000M\000U\000\040\000S\000e\000n\000s\000o\000r}{section.1.3}% 14
\BOOKMARK [2][-]{subsection.1.3.6}{\376\377\000B\000a\000r\000c\000o\000d\000e\000\040\000S\000c\000a\000n\000n\000e\000r\000\040\000G\000M\0006\0005}{section.1.3}% 15
\BOOKMARK [2][-]{subsection.1.3.7}{\376\377\000Q\000T\000R\000X\000-\000H\000D\000-\0001\0001\000R\000C}{section.1.3}% 16
\BOOKMARK [1][-]{section.1.4}{\376\377\000M\000i\000c\000r\000o\000c\000o\000n\000t\000r\000o\000l\000l\000e\000r\000\040\000a\000n\000d\000\040\000C\000o\000m\000m\000u\000n\000i\000c\000a\000t\000i\000o\000n}{chapter.1}% 17
\BOOKMARK [2][-]{subsection.1.4.1}{\376\377\000R\000a\000s\000p\000b\000e\000r\000r\000y\000\040\000P\000i\000\040\0004}{section.1.4}% 18
\BOOKMARK [2][-]{subsection.1.4.2}{\376\377\000E\000S\000P\0003\0002\000-\000S\0003\000-\000D\000e\000v\000K\000i\000t\000C\000-\0001}{section.1.4}% 19
\BOOKMARK [2][-]{subsection.1.4.3}{\376\377\000R\000S\0002\0003\0002\000\040\000t\000o\000\040\000B\000l\000u\000e\000t\000o\000o\000t\000h\000\040\000S\000e\000r\000i\000e\000s\000\040\000A\000d\000a\000p\000t\000e\000r}{section.1.4}% 20
\BOOKMARK [2][-]{subsection.1.4.4}{\376\377\000T\000P\000-\000L\000i\000n\000k\000\040\000T\000L\000-\000W\000R\0008\0004\0000\000N}{section.1.4}% 21
